193 54 0.574721
232 54 0.457494
233 54 0.450919
193 54.5 0.444364
194 54.5 0.532166
195 54.5 0.522055
196 54.5 0.49854
229 54.5 0.755142
230 54.5 0.72146
231 54.5 0.663522
232 54.5 0.473185
233 54.5 0.386224
194 55 0.593626
195 55 0.615368
196 55 0.464928
197 55 0.577656
198 55 0.482361
199 55 0.376082
200 55 0.302762
229 55 0.683484
230 55 0.556775
231 55 0.559519
232 55 0.561992
233 55 0.461193
195 55.5 0.806403
196 55.5 0.765915
197 55.5 0.797086
198 55.5 0.856391
199 55.5 0.431239
200 55.5 0.322871
201 55.5 0.602395
202 55.5 0.731661
203 55.5 0.576963
228 55.5 0.525848
229 55.5 0.452419
230 55.5 0.774852
231 55.5 0.630404
232 55.5 0.486199
195 56 0.689529
196 56 0.701236
197 56 0.95009
198 56 0.987149
199 56 0.55741
200 56 0.387083
201 56 0.296788
202 56 0.993973
203 56 0.793996
204 56 0.585874
205 56 0.568566
227 56 0.573484
228 56 0.443372
229 56 0.869093
230 56 0.773704
231 56 0.563673
232 56 0.479342
196 56.5 0.601357
199 56.5 0.349512
200 56.5 0.374066
201 56.5 0.5874
202 56.5 0.842611
203 56.5 1.67622
204 56.5 0.681538
205 56.5 0.72537
206 56.5 0.493592
226 56.5 0.8237
227 56.5 0.52093
228 56.5 0.665697
229 56.5 0.62371
230 56.5 0.479459
231 56.5 0.557443
191 57 0.508973
199 57 0.60483
200 57 0.730448
201 57 0.43544
202 57 0.708972
203 57 1.47849
204 57 1.02036
205 57 1.26238
206 57 0.849167
207 57 0.837563
208 57 0.607355
225 57 0.924318
226 57 0.952849
227 57 0.568355
228 57 0.373355
229 57 0.309745
230 57 0.51199
231 57 0.566248
192 57.5 0.557146
193 57.5 0.426498
198 57.5 0.836886
199 57.5 1.02871
200 57.5 1.11838
201 57.5 0.475685
202 57.5 0.657516
203 57.5 0.740319
204 57.5 1.26847
205 57.5 0.875313
206 57.5 0.830435
207 57.5 0.639084
208 57.5 0.611904
209 57.5 0.672703
224 57.5 0.879466
225 57.5 0.730381
226 57.5 0.52421
227 57.5 0.641694
228 57.5 0.421169
229 57.5 0.415599
230 57.5 0.61954
236 57.5 0.396698
237 57.5 0.324586
191 58 0.332618
192 58 0.438087
193 58 0.384514
194 58 0.327134
195 58 0.416598
198 58 0.91288
199 58 1.13209
200 58 1.17361
201 58 0.534631
202 58 0.608053
203 58 0.57591
204 58 0.556963
205 58 0.654304
206 58 0.593123
207 58 0.494927
208 58 0.866519
209 58 0.648892
210 58 0.786809
211 58 0.800109
222 58 1.50517
223 58 0.823529
224 58 0.548229
225 58 0.610664
226 58 0.843164
227 58 0.721012
228 58 0.516937
229 58 0.644671
230 58 0.48385
233 58 0.419912
234 58 0.527187
235 58 0.482426
236 58 0.698428
237 58 0.511343
192 58.5 0.271749
193 58.5 0.344136
194 58.5 0.37527
195 58.5 0.470854
196 58.5 0.582678
197 58.5 0.717929
198 58.5 0.752013
199 58.5 1.22578
200 58.5 1.38913
201 58.5 0.487031
202 58.5 0.482473
203 58.5 0.589338
204 58.5 0.597486
205 58.5 0.476908
206 58.5 0.55416
207 58.5 1.16346
208 58.5 0.626715
209 58.5 0.673697
210 58.5 0.781365
211 58.5 1.00481
212 58.5 1.62748
213 58.5 3.29902
220 58.5 2.38917
221 58.5 1.75466
222 58.5 1.3103
223 58.5 0.750201
224 58.5 0.587727
225 58.5 0.810013
226 58.5 1.02977
227 58.5 0.786726
228 58.5 0.488004
229 58.5 0.375014
230 58.5 0.288825
231 58.5 0.327664
232 58.5 0.37397
233 58.5 0.3529
234 58.5 0.576902
235 58.5 0.858761
236 58.5 1.07368
237 58.5 0.966025
193 59 0.259134
194 59 0.41466
195 59 0.471389
196 59 0.529961
197 59 0.735961
198 59 0.708694
199 59 0.735077
200 59 1.04698
201 59 0.590797
202 59 0.408077
203 59 0.461403
204 59 0.446682
205 59 0.468929
206 59 0.474928
207 59 0.335538
208 59 0.725977
209 59 0.692082
210 59 0.991155
211 59 1.23819
212 59 1.20664
213 59 1.21961
214 59 2.62423
215 59 3.4266
217 59 2.77224
218 59 1.38014
219 59 1.25935
220 59 1.32376
221 59 1.3968
222 59 0.842083
223 59 0.731548
224 59 0.811983
225 59 0.6193
226 59 0.799171
227 59 1.08721
228 59 0.388033
229 59 0.305071
230 59 0.31941
231 59 0.428486
232 59 0.31642
233 59 0.484225
234 59 0.803317
235 59 1.26868
236 59 1.74087
194 59.5 0.299414
195 59.5 0.450836
196 59.5 0.397207
197 59.5 0.831172
198 59.5 0.650778
199 59.5 0.405868
200 59.5 0.533528
201 59.5 0.421711
202 59.5 0.397681
203 59.5 0.560852
204 59.5 0.34261
205 59.5 0.290682
206 59.5 0.388171
207 59.5 0.739639
208 59.5 0.826546
209 59.5 0.834413
210 59.5 0.671071
211 59.5 0.793513
212 59.5 1.18224
213 59.5 1.06761
214 59.5 0.904858
215 59.5 0.956403
216 59.5 1.25864
217 59.5 0.835739
218 59.5 1.01786
219 59.5 1.04366
220 59.5 1.37205
221 59.5 1.28464
222 59.5 0.795447
223 59.5 0.716565
224 59.5 0.380895
225 59.5 0.384407
226 59.5 0.527456
227 59.5 0.474721
228 59.5 0.402049
229 59.5 0.386323
230 59.5 1.09898
231 59.5 0.320926
232 59.5 0.351808
233 59.5 0.684663
234 59.5 0.958465
235 59.5 1.31245
194 60 0.287706
195 60 0.281415
196 60 0.345222
197 60 0.307024
198 60 0.437721
199 60 0.35518
200 60 0.361498
201 60 0.444664
202 60 0.430462
203 60 0.414852
204 60 0.512309
205 60 0.393614
206 60 0.33253
207 60 0.496553
208 60 0.475839
209 60 0.679026
210 60 0.920968
211 60 0.539824
212 60 0.589787
213 60 1.14779
214 60 4.52616
215 60 6.18563
216 60 5.66174
217 60 1.10696
218 60 1.22657
219 60 0.926284
220 60 0.649001
221 60 0.649536
222 60 0.600938
223 60 0.697361
224 60 0.48948
225 60 0.707742
226 60 0.640977
227 60 0.439533
228 60 0.32883
229 60 0.366551
230 60 0.355906
231 60 0.32757
232 60 0.381593
233 60 0.506767
194 60.5 0.280303
195 60.5 0.308659
196 60.5 0.30382
197 60.5 0.393605
198 60.5 0.45682
199 60.5 0.435067
200 60.5 0.289495
201 60.5 0.360277
202 60.5 0.49977
203 60.5 0.541474
204 60.5 0.452766
205 60.5 0.632908
206 60.5 0.605217
207 60.5 0.51322
208 60.5 0.826365
209 60.5 1.00889
210 60.5 0.968532
211 60.5 0.483492
212 60.5 0.708406
213 60.5 0.779648
214 60.5 0.809271
215 60.5 2.24167
216 60.5 0.743826
217 60.5 0.793693
218 60.5 1.10386
219 60.5 1.49071
220 60.5 1.10827
221 60.5 0.57008
222 60.5 1.0912
223 60.5 0.590742
224 60.5 0.526046
225 60.5 0.517162
226 60.5 0.405719
227 60.5 0.231596
228 60.5 0.330821
229 60.5 0.419578
230 60.5 0.452862
231 60.5 0.320802
232 60.5 0.254036
195 61 0.343643
196 61 0.400418
197 61 0.419226
198 61 0.416402
199 61 0.365245
200 61 0.435649
201 61 0.397363
202 61 0.449538
203 61 0.512042
204 61 0.465831
205 61 0.485005
206 61 0.458625
207 61 0.882816
208 61 0.841731
209 61 1.08777
210 61 1.42935
211 61 1.763
212 61 0.826405
213 61 1.00623
214 61 0.583398
215 61 0.510373
216 61 0.501449
217 61 2.36779
218 61 1.40765
219 61 1.01355
220 61 0.816004
221 61 0.668231
222 61 0.395657
223 61 0.52499
224 61 0.413657
225 61 0.369251
226 61 0.52548
227 61 0.263844
228 61 0.377458
229 61 0.458976
230 61 0.399065
231 61 0.358825
195 61.5 0.284802
196 61.5 0.329141
197 61.5 0.277729
198 61.5 0.388667
199 61.5 0.581923
200 61.5 0.378891
201 61.5 0.425527
202 61.5 0.512975
203 61.5 0.781817
204 61.5 0.676501
205 61.5 0.515401
206 61.5 0.608162
207 61.5 0.760784
208 61.5 0.924808
209 61.5 0.696449
210 61.5 1.01059
211 61.5 0.896213
212 61.5 0.602171
213 61.5 1.05682
214 61.5 0.470838
215 61.5 0.825999
216 61.5 0.790703
217 61.5 0.817404
218 61.5 0.730446
219 61.5 0.74963
220 61.5 0.458658
221 61.5 0.718193
222 61.5 0.340656
223 61.5 0.350162
224 61.5 0.470752
225 61.5 0.309996
226 61.5 0.401905
227 61.5 0.258694
228 61.5 0.310502
229 61.5 0.40264
230 61.5 0.442637
194 62 0.164173
195 62 0.22269
196 62 0.368679
197 62 0.392181
198 62 0.247454
199 62 0.372851
200 62 0.345778
201 62 0.463832
202 62 0.485127
203 62 0.581848
204 62 0.560053
205 62 0.43597
206 62 0.405034
207 62 0.489357
208 62 0.599343
209 62 0.76581
210 62 0.788905
211 62 0.865165
212 62 1.30248
213 62 0.489803
214 62 0.60746
215 62 0.95866
216 62 1.21787
217 62 0.693142
218 62 0.795246
219 62 0.563245
220 62 0.528571
221 62 0.55601
222 62 0.479196
223 62 0.316476
224 62 0.230713
225 62 0.315743
226 62 0.266514
227 62 0.284376
228 62 0.333427
229 62 0.437111
230 62 0.512458
193 62.5 0.17047
194 62.5 0.163835
195 62.5 0.218486
196 62.5 0.363508
197 62.5 0.353241
198 62.5 0.401592
199 62.5 0.538882
200 62.5 0.671052
201 62.5 0.44937
202 62.5 0.381341
203 62.5 0.399607
204 62.5 0.611622
205 62.5 0.491722
206 62.5 0.512172
207 62.5 0.533274
208 62.5 0.706216
209 62.5 0.804816
210 62.5 0.822113
211 62.5 0.783779
212 62.5 1.18845
213 62.5 0.493814
214 62.5 0.689618
215 62.5 0.371535
216 62.5 0.740563
217 62.5 0.455623
218 62.5 0.509304
219 62.5 0.461119
220 62.5 0.4016
221 62.5 0.431851
222 62.5 0.514617
223 62.5 0.457524
224 62.5 0.368043
225 62.5 0.242944
226 62.5 0.227798
227 62.5 0.227708
228 62.5 0.315823
229 62.5 0.407431
230 62.5 0.50217
192 63 0.336102
193 63 0.217629
194 63 0.242226
195 63 0.295022
196 63 0.385896
197 63 0.409527
198 63 0.448681
199 63 0.385489
200 63 0.31611
201 63 0.363026
202 63 0.415354
203 63 0.58887
204 63 0.712611
205 63 0.492086
206 63 0.583676
207 63 0.609428
208 63 0.565437
209 63 0.569204
210 63 2.17387
211 63 1.62875
212 63 1.11446
213 63 0.696829
214 63 0.723074
215 63 0.465705
216 63 0.380255
217 63 0.530407
218 63 0.425182
219 63 0.38292
220 63 0.355271
221 63 0.458618
222 63 0.53761
223 63 0.490756
224 63 0.385419
225 63 0.280934
226 63 0.299299
227 63 0.213869
228 63 0.248567
229 63 0.320787
230 63 0.392626
191 63.5 0.334902
192 63.5 0.490783
193 63.5 0.381228
194 63.5 0.355016
195 63.5 0.388091
196 63.5 0.530463
197 63.5 0.583
198 63.5 0.564998
199 63.5 0.343583
200 63.5 0.347685
201 63.5 0.404741
202 63.5 0.49004
203 63.5 0.45781
204 63.5 0.653083
205 63.5 0.78855
206 63.5 0.682618
207 63.5 0.825331
208 63.5 0.738266
209 63.5 0.767255
210 63.5 1.12673
211 63.5 1.43298
212 63.5 1.07865
213 63.5 0.580733
214 63.5 0.610081
215 63.5 0.624545
216 63.5 0.406594
217 63.5 0.476033
218 63.5 0.528624
219 63.5 0.379761
220 63.5 0.277908
221 63.5 0.324823
222 63.5 0.30191
223 63.5 0.309246
224 63.5 0.39128
225 63.5 0.322654
226 63.5 0.278141
227 63.5 0.20815
228 63.5 0.226589
229 63.5 0.279079
190 64 0.267725
191 64 0.489291
192 64 0.664878
193 64 0.749104
194 64 0.584888
195 64 0.40724
196 64 0.269794
197 64 0.453079
198 64 0.369679
199 64 0.281418
200 64 0.287037
201 64 0.447361
202 64 0.432915
203 64 0.544649
204 64 0.378616
205 64 0.534179
206 64 0.663759
207 64 0.561758
208 64 0.630709
209 64 0.503559
210 64 0.441692
211 64 0.443918
212 64 0.411299
213 64 0.897979
214 64 0.489201
215 64 0.517173
216 64 0.428819
217 64 0.516353
218 64 0.447473
219 64 0.482701
220 64 0.447741
221 64 0.293583
222 64 0.222161
223 64 0.458961
224 64 0.381827
225 64 0.340911
226 64 0.259237
227 64 0.281332
228 64 0.320445
190 64.5 0.274468
191 64.5 0.373843
192 64.5 0.460964
193 64.5 0.43397
194 64.5 0.342286
195 64.5 0.306894
196 64.5 0.269224
197 64.5 0.375572
198 64.5 0.441038
199 64.5 0.39888
200 64.5 0.417659
201 64.5 0.482583
202 64.5 0.505173
203 64.5 0.387062
204 64.5 0.339686
205 64.5 0.417203
206 64.5 2.15626
207 64.5 0.376658
208 64.5 0.468305
209 64.5 0.434432
210 64.5 0.458758
211 64.5 0.653236
212 64.5 0.344028
213 64.5 0.497736
214 64.5 0.569539
215 64.5 0.471128
216 64.5 0.418364
217 64.5 0.465246
218 64.5 0.447927
219 64.5 0.37559
220 64.5 0.415404
221 64.5 0.271329
222 64.5 0.290034
223 64.5 0.237939
224 64.5 0.324555
225 64.5 0.369974
226 64.5 0.331384
227 64.5 0.393886
228 64.5 0.346613
191 65 0.259276
192 65 0.301265
193 65 0.282475
194 65 0.228809
195 65 0.211832
196 65 0.253925
197 65 0.318306
198 65 0.614781
199 65 0.412153
200 65 0.347935
201 65 0.488368
202 65 0.517002
203 65 0.501488
204 65 0.411701
205 65 0.496313
206 65 0.475911
207 65 0.430132
208 65 0.445283
209 65 0.628419
210 65 0.58408
211 65 0.670849
212 65 0.785926
213 65 0.448819
214 65 0.434053
215 65 0.340106
216 65 0.546242
217 65 0.43339
218 65 0.526825
219 65 0.384571
220 65 0.335683
221 65 0.356414
222 65 0.306011
223 65 0.327049
224 65 0.496661
225 65 0.4537
226 65 0.446655
227 65 0.343167
191 65.5 0.187159
192 65.5 0.266221
193 65.5 0.343775
194 65.5 0.241261
195 65.5 0.266458
196 65.5 0.357806
197 65.5 0.315997
198 65.5 0.314236
199 65.5 0.330865
200 65.5 0.402581
201 65.5 0.473177
202 65.5 0.530288
203 65.5 0.577426
204 65.5 0.466056
205 65.5 0.404187
206 65.5 0.750643
207 65.5 0.457052
208 65.5 0.334247
209 65.5 0.486999
210 65.5 0.537842
211 65.5 0.559576
212 65.5 0.591904
213 65.5 0.515811
214 65.5 0.356237
215 65.5 0.255939
216 65.5 0.341259
217 65.5 0.431928
218 65.5 0.384737
219 65.5 0.557711
220 65.5 0.595921
221 65.5 0.448409
222 65.5 0.44085
223 65.5 0.401594
224 65.5 0.410157
225 65.5 0.400192
226 65.5 0.375555
227 65.5 0.299155
193 66 0.271742
194 66 0.233634
195 66 0.27767
196 66 0.360684
197 66 0.380643
198 66 0.357036
199 66 0.484805
200 66 0.485499
201 66 0.342514
202 66 0.364689
203 66 0.605629
204 66 0.5279
205 66 0.395422
206 66 0.412402
207 66 0.491945
208 66 0.422459
209 66 0.527972
210 66 0.436542
211 66 0.316473
212 66 0.572942
213 66 0.497631
214 66 0.447685
215 66 0.425333
216 66 0.447003
217 66 0.520197
218 66 0.324641
219 66 0.379029
220 66 0.461539
221 66 0.389972
222 66 0.312314
223 66 0.677785
224 66 0.495225
225 66 0.390171
226 66 0.278276
227 66 0.268091
195 66.5 0.205265
196 66.5 0.273605
197 66.5 0.405314
198 66.5 0.513856
199 66.5 0.477473
200 66.5 0.333671
201 66.5 0.472529
202 66.5 0.45956
203 66.5 0.424603
204 66.5 0.45009
205 66.5 0.390614
206 66.5 0.432771
207 66.5 0.375064
208 66.5 0.42534
209 66.5 0.541132
210 66.5 0.646237
211 66.5 0.477635
212 66.5 0.503472
213 66.5 0.59965
214 66.5 0.636215
215 66.5 0.755148
216 66.5 0.52906
217 66.5 0.455943
218 66.5 0.444095
219 66.5 0.31921
220 66.5 0.333978
221 66.5 0.361514
222 66.5 0.339536
223 66.5 0.393168
224 66.5 0.367939
225 66.5 0.309913
226 66.5 0.239869
227 66.5 0.193964
195 67 0.228276
196 67 0.351338
197 67 0.430566
198 67 0.503871
199 67 0.495304
200 67 0.526033
201 67 0.273466
202 67 0.392166
203 67 0.493468
204 67 0.510424
205 67 0.288725
206 67 0.31952
207 67 0.349228
208 67 0.647577
209 67 0.46084
210 67 0.343224
211 67 0.503277
212 67 0.518157
213 67 0.62117
214 67 0.480186
215 67 0.689684
216 67 0.754224
217 67 0.53419
218 67 0.585326
219 67 0.475426
220 67 0.397999
221 67 0.422614
222 67 0.566625
223 67 0.377032
224 67 0.312412
225 67 0.22625
226 67 0.316701
227 67 0.250172
228 67 0.274765
194 67.5 0.216557
195 67.5 0.261527
196 67.5 0.457573
197 67.5 0.423527
198 67.5 0.461397
199 67.5 0.321187
200 67.5 0.426585
201 67.5 0.524295
202 67.5 0.415677
203 67.5 0.474523
204 67.5 0.354783
205 67.5 0.377433
206 67.5 0.467861
207 67.5 0.526243
208 67.5 0.743738
209 67.5 0.748041
210 67.5 0.381815
211 67.5 0.338263
212 67.5 0.499156
213 67.5 0.570982
214 67.5 0.526059
215 67.5 0.400767
216 67.5 0.517941
217 67.5 0.467825
218 67.5 0.455127
219 67.5 0.474393
220 67.5 0.620499
221 67.5 0.468606
222 67.5 0.429916
223 67.5 0.401446
224 67.5 0.365955
225 67.5 0.205947
226 67.5 0.264296
227 67.5 0.388595
228 67.5 0.419955
195 68 0.373475
196 68 0.423264
197 68 0.537711
198 68 0.419202
199 68 0.374551
200 68 0.405589
201 68 0.799973
202 68 0.558219
203 68 0.475488
204 68 0.418796
205 68 0.438834
206 68 0.370061
207 68 0.400463
208 68 0.509324
209 68 0.421503
210 68 0.409282
211 68 0.638951
212 68 0.563043
213 68 0.379764
214 68 0.413877
215 68 0.345313
216 68 0.455841
217 68 0.392728
218 68 0.429085
219 68 0.51908
220 68 0.384362
221 68 0.43693
222 68 0.356402
223 68 0.366601
224 68 0.314178
225 68 0.396627
226 68 0.411405
227 68 0.554574
228 68 0.539615
229 68 0.572748
195 68.5 0.420261
196 68.5 0.506903
197 68.5 0.551738
198 68.5 0.479402
199 68.5 0.415944
200 68.5 0.531663
201 68.5 0.500405
202 68.5 0.494349
203 68.5 0.443508
204 68.5 0.380665
205 68.5 0.49567
206 68.5 0.522277
207 68.5 0.404286
208 68.5 0.485468
209 68.5 0.547467
210 68.5 0.391848
211 68.5 0.367667
212 68.5 0.516421
213 68.5 0.342203
214 68.5 0.344418
215 68.5 0.381502
216 68.5 0.391739
217 68.5 0.539325
218 68.5 0.358771
219 68.5 0.429644
220 68.5 0.28894
221 68.5 0.363778
222 68.5 0.352948
223 68.5 0.309424
224 68.5 0.295196
225 68.5 0.299929
226 68.5 0.355777
227 68.5 0.505721
228 68.5 0.666362
229 68.5 0.68697
230 68.5 0.538222
231 68.5 0.392914
196 69 0.493958
197 69 0.612249
198 69 0.786106
199 69 0.784989
200 69 0.713859
201 69 0.640597
202 69 0.865356
203 69 0.565034
204 69 0.556644
205 69 0.798077
206 69 0.886869
207 69 0.744671
208 69 0.648992
209 69 0.66148
210 69 0.510043
211 69 0.379155
212 69 0.365811
213 69 0.384964
214 69 0.318194
215 69 0.423567
216 69 0.340032
217 69 0.27858
218 69 0.346446
219 69 0.255051
220 69 0.276405
221 69 0.410729
222 69 0.657221
223 69 0.524764
224 69 0.51527
225 69 0.437269
226 69 0.412011
227 69 0.380229
228 69 0.476321
229 69 0.526935
230 69 0.595019
231 69 0.446078
232 69 0.345284
199 69.5 0.621304
200 69.5 0.644584
201 69.5 0.586757
202 69.5 0.565188
203 69.5 0.809493
204 69.5 0.896904
205 69.5 1.11795
206 69.5 1.48585
207 69.5 0.858449
208 69.5 0.665353
209 69.5 0.644881
210 69.5 0.569635
211 69.5 0.448862
212 69.5 0.48722
213 69.5 0.417981
214 69.5 0.384692
215 69.5 0.458876
216 69.5 0.399191
217 69.5 0.448475
218 69.5 0.51889
219 69.5 0.586014
220 69.5 0.57513
221 69.5 0.47813
222 69.5 0.51539
223 69.5 0.704427
224 69.5 0.633338
225 69.5 0.516151
226 69.5 0.446488
227 69.5 0.490704
228 69.5 0.552636
229 69.5 0.585084
230 69.5 0.586516
199 70 0.47656
200 70 0.436077
201 70 0.394249
202 70 0.431365
203 70 0.68719
204 70 0.774139
205 70 0.842088
206 70 0.625875
207 70 0.558077
208 70 0.422236
209 70 0.353921
210 70 0.411256
211 70 0.422358
212 70 0.493745
213 70 0.588008
214 70 0.558992
215 70 0.555274
216 70 0.619308
218 70 1.18414
225 70 0.751232
226 70 0.627585
227 70 0.665192
228 70 0.602566
229 70 0.713866
200 70.5 0.359551
201 70.5 0.379683
202 70.5 0.518099
203 70.5 0.61277
204 70.5 0.524408
205 70.5 0.41671
206 70.5 0.418403
207 70.5 0.294071
208 70.5 0.292668
209 70.5 0.354014
210 70.5 0.420173
211 70.5 0.450849
212 70.5 0.454279
213 70.5 0.496558
227 70.5 0.537937
228 70.5 0.412025
202 71 0.45291
203 71 0.63998
204 71 0.525752
205 71 0.349397
206 71 0.290152
207 71 0.314817
208 71 0.350533
204 71.5 0.376133
205 71.5 0.270393
