233.5 52 34.9051
234 52 36.7306
234.5 52 36.8553
235 52 33.5897
230.5 52.5 25.8362
232.5 52.5 31.1939
233 52.5 37.8199
233.5 52.5 37.0354
234 52.5 38.8285
193 53 28.0107
193.5 53 29.2312
194 53 22.4059
194.5 53 22.591
195 53 16.521
195.5 53 17.1667
229.5 53 29.4296
230 53 30.5691
230.5 53 30.969
231 53 32.4397
231.5 53 31.213
232 53 36.9469
232.5 53 36.3968
233 53 36.9403
233.5 53 36.0181
234 53 43.8507
234.5 53 42.9126
235 53 40.0269
192 53.5 28.8997
192.5 53.5 28.9212
193 53.5 28.284
193.5 53.5 27.0813
194 53.5 19.1075
194.5 53.5 19.84
195 53.5 14.323
195.5 53.5 15.1005
196 53.5 10.3661
228.5 53.5 22.5701
229 53.5 29.4443
229.5 53.5 29.5338
230 53.5 31.6604
230.5 53.5 32.6727
231 53.5 32.7467
231.5 53.5 32.255
232 53.5 36.8082
232.5 53.5 35.8945
233 53.5 36.5415
233.5 53.5 35.5877
234 53.5 38.3822
234.5 53.5 40.198
235 53.5 38.5919
192 54 23.5898
192.5 54 24.3139
193 54 22.8086
193.5 54 23.0525
194 54 23.4613
194.5 54 24.2801
195 54 27.3705
195.5 54 26.948
196 54 24.3622
196.5 54 24.1931
197 54 27.0338
197.5 54 27.792
227.5 54 25.0438
228 54 25.2883
228.5 54 25.7579
229 54 27.8114
229.5 54 28.2843
230 54 29.7462
230.5 54 29.7489
231 54 34.0076
231.5 54 34.5876
232 54 35.6754
232.5 54 36.1909
233 54 39.0473
233.5 54 38.0499
234 54 41.1267
234.5 54 41.074
191 54.5 18.9706
191.5 54.5 17.538
192 54.5 23.3201
192.5 54.5 22.8684
193 54.5 23.5786
193.5 54.5 22.8297
194 54.5 25.1725
194.5 54.5 24.7074
195 54.5 28.4496
195.5 54.5 28.3324
196 54.5 26.5377
196.5 54.5 26.7124
197 54.5 29.5144
197.5 54.5 28.6551
198 54.5 26.3064
198.5 54.5 25.1634
199 54.5 24.1446
199.5 54.5 24.1971
226.5 54.5 24.9531
227 54.5 25.4474
227.5 54.5 25.5476
228 54.5 25.9948
228.5 54.5 26.6061
229 54.5 28.4951
229.5 54.5 28.0026
230 54.5 30.9233
230.5 54.5 29.457
231 54.5 32.836
231.5 54.5 34.4984
232 54.5 36.0362
232.5 54.5 35.068
233 54.5 38.0025
233.5 54.5 38.7341
234 54.5 40.8986
234.5 54.5 40.8951
235 54.5 46.9861
235.5 54.5 42.1692
191 55 25.3574
191.5 55 25.2398
192 55 31.6402
192.5 55 31.0522
193 55 29.3202
193.5 55 28.5884
194 55 28.7093
194.5 55 29.1913
195 55 31.3405
195.5 55 30.975
196 55 24.0228
196.5 55 24.1246
197 55 29.3626
197.5 55 29.1278
198 55 33.4559
198.5 55 33.6926
199 55 32.3449
199.5 55 33.0648
200 55 29.5384
203 55 27.4051
203.5 55 27.846
225.5 55 20.5538
226 55 26.223
226.5 55 26.3773
227 55 25.3425
227.5 55 25.4034
228 55 30.4829
228.5 55 30.9704
229 55 33.0869
229.5 55 32.6277
230 55 31.8015
230.5 55 31.8006
231 55 24.8308
231.5 55 23.6657
232 55 25.9871
232.5 55 26.0451
233 55 35.8337
233.5 55 36.0283
234 55 38.4083
234.5 55 37.2487
235 55 41.3546
190 55.5 18.3677
190.5 55.5 17.69
191 55.5 24.8543
191.5 55.5 24.1927
192 55.5 30.4856
192.5 55.5 30.5722
193 55.5 29.9805
193.5 55.5 29.303
194 55.5 29.7994
194.5 55.5 29.13
195 55.5 31.5296
195.5 55.5 32.1501
196 55.5 24.4394
196.5 55.5 24.0817
197 55.5 28.1707
197.5 55.5 27.5697
198 55.5 33.4978
198.5 55.5 34.3745
199 55.5 32.7913
199.5 55.5 33.1289
200 55.5 30.9468
200.5 55.5 31.2958
201 55.5 28.2304
201.5 55.5 29.0808
202 55.5 31.4063
202.5 55.5 31.9878
203 55.5 29.044
203.5 55.5 27.9673
204 55.5 21.2599
205.5 55.5 12.8047
224.5 55.5 17.2262
225 55.5 19.6941
225.5 55.5 19.4323
226 55.5 26.6511
226.5 55.5 28.0118
227 55.5 30.4246
227.5 55.5 25.39
228 55.5 30.2308
228.5 55.5 31.1666
229 55.5 32.8546
229.5 55.5 32.415
230 55.5 32.3613
230.5 55.5 33.7723
231 55.5 24.9133
231.5 55.5 24.1517
232 55.5 26.6925
232.5 55.5 26.1697
233 55.5 35.8329
233.5 55.5 34.8735
234 55.5 38.2896
234.5 55.5 37.9648
235 55.5 39.2866
189.5 56 29.2224
190 56 30.7396
190.5 56 31.2696
191 56 31.2283
191.5 56 30.1984
192 56 28.1509
192.5 56 28.4242
193 56 28.1739
193.5 56 28.1362
194 56 28.9627
194.5 56 28.3852
195 56 28.5807
195.5 56 28.9764
196 56 32.7365
196.5 56 32.43
197 56 29.2503
197.5 56 29.7631
198 56 30.4283
198.5 56 30.4858
199 56 30.7005
199.5 56 30.8091
200 56 30.7019
200.5 56 31.1488
201 56 31.8937
201.5 56 31.7188
202 56 27.8694
202.5 56 27.8552
203 56 29.9753
203.5 56 30.8717
204 56 32.1367
204.5 56 31.1298
205 56 24.7099
205.5 56 24.6703
206 56 21.6569
223.5 56 20.4987
224 56 26.4682
224.5 56 25.0279
225 56 27.3051
225.5 56 27.3726
226 56 32.8512
226.5 56 30.545
227 56 34.8366
227.5 56 31.4096
228 56 34.0181
228.5 56 34.4132
229 56 32.3985
229.5 56 32.6234
230 56 26.8447
230.5 56 27.3935
231 56 28.796
231.5 56 28.1468
232 56 32.5955
232.5 56 31.7044
233 56 47.541
233.5 56 48.1566
234 56 46.0249
234.5 56 47.217
235 56 37.0632
235.5 56 36.2933
236 56 36.4842
236.5 56 36.553
237 56 38.0846
190 56.5 30.3636
190.5 56.5 30.688
191 56.5 30.6465
191.5 56.5 30.7868
192 56.5 28.3165
192.5 56.5 28.4566
193 56.5 28.6819
193.5 56.5 28.6024
194 56.5 28.5161
194.5 56.5 29.2767
195 56.5 28.5271
195.5 56.5 28.895
196 56.5 32.063
196.5 56.5 32.3322
197 56.5 29.1769
197.5 56.5 29.3861
198 56.5 32.482
198.5 56.5 32.0498
199 56.5 31.198
199.5 56.5 30.8339
200 56.5 30.4958
200.5 56.5 31.3963
201 56.5 32.1009
201.5 56.5 31.7599
202 56.5 28.6518
202.5 56.5 27.6015
203 56.5 29.2394
203.5 56.5 30.876
204 56.5 32.2345
204.5 56.5 32.807
205 56.5 26.1244
205.5 56.5 23.6768
206 56.5 21.7599
206.5 56.5 22.9317
207 56.5 16.6465
207.5 56.5 17.1886
208 56.5 11.5467
208.5 56.5 13.3255
219 56.5 10.903
219.5 56.5 10.9217
222 56.5 17.8663
222.5 56.5 17.5205
223 56.5 20.692
223.5 56.5 20.6518
224 56.5 25.7695
224.5 56.5 26.9517
225 56.5 28.6457
225.5 56.5 28.7446
226 56.5 31.7292
226.5 56.5 29.4525
227 56.5 31.7634
227.5 56.5 35.9656
228 56.5 34.7877
228.5 56.5 34.8723
229 56.5 32.8191
229.5 56.5 33.9407
230 56.5 26.609
230.5 56.5 27.1655
231 56.5 28.0225
231.5 56.5 27.6281
232 56.5 32.2857
232.5 56.5 32.8282
233 56.5 47.3245
233.5 56.5 47.4613
234 56.5 50.4348
234.5 56.5 47.3063
235 56.5 36.3597
235.5 56.5 39.0353
236 56.5 37.7546
236.5 56.5 37.2004
237 56.5 38.4771
190 57 29.8737
190.5 57 30.6899
191 57 30.8247
191.5 57 29.8388
192 57 29.9072
192.5 57 30.0385
193 57 30.0759
193.5 57 29.9298
194 57 30.0983
194.5 57 29.6762
195 57 29.5938
195.5 57 30.1435
196 57 30.9947
196.5 57 30.9874
197 57 34.5287
197.5 57 33.9808
198 57 32.2876
198.5 57 33.4665
199 57 33.7672
199.5 57 33.6655
200 57 33.7101
200.5 57 32.4381
201 57 31.6549
201.5 57 32.2117
202 57 31.5804
202.5 57 31.1726
203 57 30.4718
203.5 57 32.1154
204 57 31.7401
204.5 57 31.7392
205 57 35.3932
205.5 57 35.7383
206 57 34.7282
206.5 57 34.2457
207 57 27.7892
207.5 57 27.4164
208 57 27.1916
208.5 57 25.8552
209 57 22.5949
209.5 57 22.8598
210 57 19.7342
210.5 57 20.5669
211 57 11.5918
217.5 57 10.3815
218 57 10.5203
218.5 57 10.4149
219 57 8.95769
219.5 57 8.90522
220 57 8.76733
220.5 57 8.72573
221 57 18.9421
221.5 57 18.6657
222 57 26.5307
222.5 57 27.3977
223 57 30.5605
223.5 57 30.9824
224 57 27.5211
224.5 57 28.3497
225 57 27.0866
225.5 57 25.6983
226 57 27.005
226.5 57 27.347
227 57 33.2656
227.5 57 33.2692
228 57 35.8218
228.5 57 37.8309
229 57 35.6097
229.5 57 35.0936
230 57 29.0952
230.5 57 27.7369
231 57 31.663
231.5 57 31.4437
232 57 38.0773
232.5 57 37.8962
233 57 48.6656
233.5 57 48.9847
234 57 48.8211
234.5 57 46.2357
235 57 39.4986
235.5 57 37.9367
236 57 37.0644
236.5 57 36.5846
190.5 57.5 31.017
191 57.5 30.8007
191.5 57.5 30.1995
192 57.5 30.0856
192.5 57.5 30.09
193 57.5 30.9443
193.5 57.5 30.455
194 57.5 30.3582
194.5 57.5 30.1792
195 57.5 30.0567
195.5 57.5 29.5964
196 57.5 30.8903
196.5 57.5 30.9413
197 57.5 33.4122
197.5 57.5 33.556
198 57.5 33.4129
198.5 57.5 33.4788
199 57.5 33.8686
199.5 57.5 33.49
200 57.5 33.7363
200.5 57.5 33.0718
201 57.5 32.7627
201.5 57.5 32.9552
202 57.5 31.1738
202.5 57.5 31.9924
203 57.5 30.6401
203.5 57.5 31.507
204 57.5 31.4956
204.5 57.5 32.4786
205 57.5 33.9358
205.5 57.5 33.3608
206 57.5 34.1389
206.5 57.5 34.0371
207 57.5 28.6298
207.5 57.5 29.6376
208 57.5 25.6702
208.5 57.5 27.601
209 57.5 22.6727
209.5 57.5 24.8083
210 57.5 18.627
210.5 57.5 20.4749
211 57.5 9.67655
211.5 57.5 10.0764
212 57.5 11.4544
212.5 57.5 11.6786
213 57.5 11.6915
213.5 57.5 11.4063
214 57.5 11.2009
216 57.5 10.7899
216.5 57.5 10.795
217 57.5 10.7137
217.5 57.5 10.7563
218 57.5 10.8207
218.5 57.5 11.029
219 57.5 9.09682
219.5 57.5 9.21806
220 57.5 9.2264
220.5 57.5 8.75602
221 57.5 19.3723
221.5 57.5 19.114
222 57.5 27.5898
222.5 57.5 27.9255
223 57.5 29.8549
223.5 57.5 30.9385
224 57.5 27.4295
224.5 57.5 24.4942
225 57.5 26.3069
225.5 57.5 27.5002
226 57.5 30.8731
226.5 57.5 26.4922
227 57.5 34.9468
227.5 57.5 33.4112
228 57.5 37.3394
228.5 57.5 36.3981
229 57.5 36.9616
229.5 57.5 36.3681
230 57.5 28.3119
230.5 57.5 28.6161
231 57.5 30.8931
231.5 57.5 31.4074
232 57.5 37.7278
232.5 57.5 38.1746
233 57.5 49.9169
233.5 57.5 48.8629
234 57.5 45.3514
234.5 57.5 47.9258
235 57.5 39.3046
235.5 57.5 38.7584
236 57.5 38.0062
236.5 57.5 38.33
237 57.5 36.9313
237.5 57.5 40.2931
189 58 29.0852
189.5 58 29.8046
190 58 30.2543
190.5 58 30.4285
191 58 30.5428
191.5 58 31.0416
192 58 30.4638
192.5 58 29.9248
193 58 31.6048
193.5 58 31.6905
194 58 31.7468
194.5 58 31.2196
195 58 29.8489
195.5 58 29.7914
196 58 30.1244
196.5 58 29.6401
197 58 30.2831
197.5 58 30.805
198 58 31.0246
198.5 58 30.6484
199 58 30.6983
199.5 58 31.3039
200 58 30.9159
200.5 58 31.0196
201 58 32.2382
201.5 58 32.3233
202 58 31.4914
202.5 58 32.436
203 58 37.1404
203.5 58 37.0639
204 58 32.8365
204.5 58 32.5291
205 58 30.6407
205.5 58 31.3266
206 58 35.9205
206.5 58 36.478
207 58 43.2886
207.5 58 43.5145
208 58 43.1263
208.5 58 42.7799
209 58 33.6812
209.5 58 33.1838
210 58 26.567
210.5 58 27.0374
211 58 23.542
211.5 58 23.5904
212 58 14.6594
212.5 58 16.2851
213 58 11.745
213.5 58 11.7296
214 58 11.5172
214.5 58 11.04
215 58 11.0933
215.5 58 10.9287
216 58 10.5308
216.5 58 10.5392
217 58 11.2514
217.5 58 11.2287
218 58 15.3975
218.5 58 15.2234
219 58 14.5276
219.5 58 14.4197
220 58 15.0109
220.5 58 14.422
221 58 33.4069
221.5 58 32.8129
222 58 33.0028
222.5 58 32.8295
223 58 34.4622
223.5 58 35.8579
224 58 31.5608
224.5 58 32.3313
225 58 32.4912
225.5 58 31.6548
226 58 39.3209
226.5 58 39.3412
227 58 38.4989
227.5 58 36.7194
228 58 35.256
228.5 58 37.0168
229 58 38.2726
229.5 58 37.3643
230 58 37.9313
230.5 58 37.1556
231 58 40.3595
231.5 58 37.9588
232 58 41.5223
232.5 58 36.7591
233 58 43.0022
233.5 58 44.0721
234 58 37.6913
234.5 58 41.351
235 58 43.0599
235.5 58 44.8403
236 58 40.3894
236.5 58 39.7758
237 58 40.9114
237.5 58 40.9099
189.5 58.5 29.6356
190 58.5 30.4892
190.5 58.5 30.433
191 58.5 30.4925
191.5 58.5 30.3516
192 58.5 30.6507
192.5 58.5 31.2439
193 58.5 31.725
193.5 58.5 32.128
194 58.5 31.2425
194.5 58.5 31.7027
195 58.5 31.3427
195.5 58.5 31.0543
196 58.5 30.3708
196.5 58.5 30.1088
197 58.5 31.6401
197.5 58.5 30.9979
198 58.5 31.2782
198.5 58.5 31.6093
199 58.5 30.8293
199.5 58.5 31.3841
200 58.5 31.33
200.5 58.5 31.1838
201 58.5 32.553
201.5 58.5 31.8106
202 58.5 32.6023
202.5 58.5 32.8685
203 58.5 36.8279
203.5 58.5 37.6344
204 58.5 32.6231
204.5 58.5 32.8646
205 58.5 31.3703
205.5 58.5 29.754
206 58.5 35.9074
206.5 58.5 36.5152
207 58.5 44.0189
207.5 58.5 44.625
208 58.5 43.9189
208.5 58.5 43.6165
209 58.5 33.6635
209.5 58.5 33.8225
210 58.5 26.7598
210.5 58.5 27.7395
211 58.5 24.1874
211.5 58.5 24.4731
212 58.5 17.0074
212.5 58.5 15.2433
213 58.5 10.083
213.5 58.5 11.1685
214 58.5 10.5535
214.5 58.5 11.7602
215 58.5 11.3571
215.5 58.5 11.0856
216 58.5 11.1479
216.5 58.5 11.0312
217 58.5 11.6085
217.5 58.5 11.0067
218 58.5 16.1484
218.5 58.5 14.8761
219 58.5 14.12
219.5 58.5 14.7969
220 58.5 12.4109
220.5 58.5 11.49
221 58.5 33.1817
221.5 58.5 33.4765
222 58.5 33.6721
222.5 58.5 33.6031
223 58.5 34.4905
223.5 58.5 34.6054
224 58.5 31.1366
224.5 58.5 31.5386
225 58.5 32.1466
225.5 58.5 30.0092
226 58.5 38.4375
226.5 58.5 37.2633
227 58.5 37.5628
227.5 58.5 38.1787
228 58.5 32.7004
228.5 58.5 37.6137
229 58.5 38.2645
229.5 58.5 37.7232
230 58.5 38.7173
230.5 58.5 37.7085
231 58.5 37.5174
231.5 58.5 42.8228
232 58.5 34.0211
232.5 58.5 40.6858
233 58.5 46.5212
233.5 58.5 45.1945
234 58.5 44.7842
234.5 58.5 45.3498
235 58.5 43.138
235.5 58.5 43.504
236 58.5 38.8937
236.5 58.5 39.6208
237 58.5 40.7571
189.5 59 29.3482
190 59 30.8507
190.5 59 30.2099
191 59 30.2802
191.5 59 30.4016
192 59 29.2677
192.5 59 29.5582
193 59 28.7816
193.5 59 29.2919
194 59 28.9872
194.5 59 28.659
195 59 27.0088
195.5 59 26.5246
196 59 27.8886
196.5 59 27.9462
197 59 30.231
197.5 59 29.8678
198 59 30.3212
198.5 59 30.9207
199 59 30.3353
199.5 59 30.9007
200 59 31.3373
200.5 59 31.5447
201 59 33.0258
201.5 59 33.1662
202 59 33.0763
202.5 59 33.2184
203 59 35.4948
203.5 59 36.1924
204 59 41.1627
204.5 59 41.0806
205 59 40.431
205.5 59 39.5656
206 59 36.8393
206.5 59 38.7645
207 59 37.0423
207.5 59 37.1035
208 59 41.8786
208.5 59 40.8295
209 59 44.0647
209.5 59 43.1201
210 59 34.762
210.5 59 34.0683
211 59 30.8509
211.5 59 30.3041
212 59 24.5217
212.5 59 25.2579
213 59 23.3342
213.5 59 22.8989
214 59 23.6012
214.5 59 24.4804
215 59 20.0613
215.5 59 19.9211
216 59 16.9078
216.5 59 17.0164
217 59 17.4741
217.5 59 17.1775
218 59 19.4911
218.5 59 16.8005
219 59 28.069
219.5 59 27.6968
220 59 32.7687
220.5 59 32.7983
221 59 31.7381
221.5 59 32.8482
222 59 34.2497
222.5 59 32.2795
223 59 41.6589
223.5 59 37.5671
224 59 42.151
224.5 59 41.5934
225 59 39.8093
225.5 59 38.6903
226 59 35.7316
226.5 59 37.558
227 59 40.5555
227.5 59 37.5
228 59 42.9935
228.5 59 40.2534
229 59 38.9002
229.5 59 35.4028
230 59 33.7936
230.5 59 42.6654
231 59 37.3216
231.5 59 39.3915
232 59 40.447
232.5 59 42.095
233 59 39.2041
233.5 59 43.6853
234 59 44.0806
234.5 59 45.9418
235 59 38.4403
235.5 59 39.816
236 59 38.2616
236.5 59 38.218
237 59 40.0027
237.5 59 40.2464
238 59 40.5542
189.5 59.5 29.6473
190 59.5 30.0689
190.5 59.5 30.2125
191 59.5 29.9027
191.5 59.5 30.1348
192 59.5 29.1583
192.5 59.5 29.2549
193 59.5 28.6956
193.5 59.5 29.4768
194 59.5 29.0913
194.5 59.5 29.2193
195 59.5 27.0154
195.5 59.5 26.8029
196 59.5 27.1366
196.5 59.5 27.4825
197 59.5 29.778
197.5 59.5 29.8859
198 59.5 30.8067
198.5 59.5 30.6588
199 59.5 31.2007
199.5 59.5 30.7655
200 59.5 30.5804
200.5 59.5 30.4898
201 59.5 34.6374
201.5 59.5 35.1796
202 59.5 34.0085
202.5 59.5 34.5878
203 59.5 36.2992
203.5 59.5 36.6003
204 59.5 40.9308
204.5 59.5 39.1671
205 59.5 38.4112
205.5 59.5 39.3342
206 59.5 35.6511
206.5 59.5 34.7182
207 59.5 35.5556
207.5 59.5 36.2216
208 59.5 42.6655
208.5 59.5 42.5093
209 59.5 42.5128
209.5 59.5 42.4742
210 59.5 35.8922
210.5 59.5 35.4907
211 59.5 30.6695
211.5 59.5 30.6728
212 59.5 23.0524
212.5 59.5 22.6332
213 59.5 20.506
213.5 59.5 20.1904
214 59.5 21.56
214.5 59.5 22.192
215 59.5 17.1883
215.5 59.5 15.477
216 59.5 15.3117
216.5 59.5 14.9099
217 59.5 14.6133
217.5 59.5 14.7454
218 59.5 16.4879
218.5 59.5 16.4682
219 59.5 27.4977
219.5 59.5 25.4787
220 59.5 34.013
220.5 59.5 34.3463
221 59.5 33.8016
221.5 59.5 35.2082
222 59.5 33.447
222.5 59.5 32.4998
223 59.5 42.9671
223.5 59.5 33.5979
224 59.5 41.2452
224.5 59.5 39.7911
225 59.5 39.4232
225.5 59.5 38.0261
226 59.5 37.834
226.5 59.5 38.4416
227 59.5 34.7316
227.5 59.5 40.926
228 59.5 43.4631
228.5 59.5 43.0006
229 59.5 36.5999
229.5 59.5 32.1968
230 59.5 41.9705
230.5 59.5 42.1482
231 59.5 44.0381
231.5 59.5 40.8405
232 59.5 40.0395
232.5 59.5 40.156
233 59.5 47.8469
233.5 59.5 46.3539
234 59.5 44.7923
234.5 59.5 43.5647
235 59.5 38.5575
235.5 59.5 39.4566
236 59.5 38.5514
236.5 59.5 38.2928
237 59.5 39.9731
189.5 60 30.7913
190 60 30.4958
190.5 60 31.1024
191 60 30.3568
191.5 60 30.778
192 60 28.565
192.5 60 28.651
193 60 28.6079
193.5 60 28.3428
194 60 30.3283
194.5 60 30.3333
195 60 29.1386
195.5 60 29.0463
196 60 28.6543
196.5 60 28.5135
197 60 28.9269
197.5 60 28.4695
198 60 31.5852
198.5 60 32.0326
199 60 31.3193
199.5 60 33.742
200 60 34.0048
200.5 60 33.0862
201 60 33.6056
201.5 60 34.2945
202 60 32.2506
202.5 60 32.1638
203 60 37.1738
203.5 60 37.8662
204 60 39.4397
204.5 60 38.7248
205 60 40.502
205.5 60 40.79
206 60 37.4619
206.5 60 36.9547
207 60 46.9697
207.5 60 49.1316
208 60 41.9508
208.5 60 40.3993
209 60 46.4387
209.5 60 46.4894
210 60 37.0996
210.5 60 38.9257
211 60 40.0487
211.5 60 39.4996
212 60 35.2159
212.5 60 34.9568
213 60 30.163
213.5 60 29.4293
214 60 31.6337
214.5 60 29.6775
215 60 28.2
215.5 60 28.2957
216 60 33.2832
216.5 60 32.9552
217 60 34.5349
217.5 60 33.9469
218 60 33.4423
218.5 60 32.609
219 60 32.5199
219.5 60 33.7481
220 60 34.7287
220.5 60 34.3662
221 60 35.2974
221.5 60 34.3229
222 60 36.8668
222.5 60 37.1642
223 60 40.3273
223.5 60 42.6386
224 60 39.6107
224.5 60 39.6787
225 60 39.746
225.5 60 38.813
226 60 39.6003
226.5 60 40.9155
227 60 40.4132
227.5 60 39.7914
228 60 40.8114
228.5 60 40.7221
229 60 43.308
229.5 60 42.2631
230 60 42.5036
230.5 60 42.2587
231 60 42.6184
231.5 60 43.0208
232 60 42.1945
232.5 60 42.5289
233 60 38.4595
233.5 60 39.8343
234 60 39.7116
234.5 60 40.6288
235 60 42.4091
235.5 60 42.6806
236 60 39.6579
236.5 60 39.6585
237 60 38.7326
188 60.5 28.8743
188.5 60.5 28.7561
189 60.5 30.3654
189.5 60.5 30.494
190 60.5 31.4424
190.5 60.5 31.3817
191 60.5 30.3519
191.5 60.5 29.7175
192 60.5 28.0296
192.5 60.5 28.3205
193 60.5 28.7888
193.5 60.5 28.5701
194 60.5 29.5565
194.5 60.5 30.4352
195 60.5 29.0392
195.5 60.5 29.2106
196 60.5 29.0737
196.5 60.5 28.413
197 60.5 28.8029
197.5 60.5 28.2836
198 60.5 31.6493
198.5 60.5 31.8383
199 60.5 33.3834
199.5 60.5 33.1886
200 60.5 33.2661
200.5 60.5 33.3131
201 60.5 35.1026
201.5 60.5 34.3503
202 60.5 32.5339
202.5 60.5 31.9787
203 60.5 37.3283
203.5 60.5 37.6892
204 60.5 39.5061
204.5 60.5 39.197
205 60.5 41.6235
205.5 60.5 41.2481
206 60.5 41.1291
206.5 60.5 38.5733
207 60.5 46.8683
207.5 60.5 47.8768
208 60.5 38.7973
208.5 60.5 39.5727
209 60.5 46.4477
209.5 60.5 47.2322
210 60.5 38.2012
210.5 60.5 37.6071
211 60.5 40.4994
211.5 60.5 40.2161
212 60.5 36.7719
212.5 60.5 36.9712
213 60.5 33.0622
213.5 60.5 31.6311
214 60.5 34.7375
214.5 60.5 34.7344
215 60.5 33.3153
215.5 60.5 30.3791
216 60.5 33.2306
216.5 60.5 33.9658
217 60.5 33.8532
217.5 60.5 34.3883
218 60.5 32.5846
218.5 60.5 32.1668
219 60.5 32.9422
219.5 60.5 32.6976
220 60.5 32.9258
220.5 60.5 33.7889
221 60.5 33.5374
221.5 60.5 33.842
222 60.5 37.217
222.5 60.5 37.7413
223 60.5 41.4386
223.5 60.5 40.6217
224 60.5 37.7963
224.5 60.5 38.9012
225 60.5 40.8454
225.5 60.5 40.8571
226 60.5 38.7445
226.5 60.5 40.188
227 60.5 39.3967
227.5 60.5 39.9648
228 60.5 39.6062
228.5 60.5 39.2402
229 60.5 42.9115
229.5 60.5 43.2772
230 60.5 43.527
230.5 60.5 44.2568
231 60.5 42.1379
231.5 60.5 44.1582
232 60.5 44.1229
232.5 60.5 43.2322
233 60.5 40.9135
233.5 60.5 40.7546
234 60.5 40.5666
234.5 60.5 40.1075
235 60.5 41.26
235.5 60.5 41.1682
188.5 61 28.9907
189 61 30.7088
189.5 61 30.6655
190 61 31.1205
190.5 61 30.7826
191 61 30.2008
191.5 61 30.231
192 61 30.214
192.5 61 30.2385
193 61 31.5977
193.5 61 31.7952
194 61 30.0356
194.5 61 30.1313
195 61 31.1852
195.5 61 30.1843
196 61 32.5333
196.5 61 32.3082
197 61 33.2282
197.5 61 32.8071
198 61 30.6606
198.5 61 31.6669
199 61 32.3099
199.5 61 32.3027
200 61 33.8226
200.5 61 32.9499
201 61 33.0542
201.5 61 32.6012
202 61 30.0962
202.5 61 29.6307
203 61 38.3804
203.5 61 38.4264
204 61 38.6843
204.5 61 38.6027
205 61 38.7889
205.5 61 39.5646
206 61 25.3069
206.5 61 24.912
207 61 24.2806
207.5 61 25.0737
208 61 30.3768
208.5 61 29.1739
209 61 28.9525
209.5 61 29.9297
210 61 37.5144
210.5 61 35.8285
211 61 45.1927
211.5 61 45.0914
212 61 46.4469
212.5 61 44.613
213 61 43.3838
213.5 61 41.6887
214 61 40.6486
214.5 61 39.9587
215 61 35.3009
215.5 61 36.3544
216 61 36.6696
216.5 61 35.2642
217 61 27.2046
217.5 61 29.5917
218 61 32.0953
218.5 61 33.0617
219 61 33.051
219.5 61 30.6492
220 61 32.3584
220.5 61 33.4509
221 61 37.2713
221.5 61 37.6024
222 61 36.5164
222.5 61 36.1417
223 61 39.8337
223.5 61 40.4641
224 61 38.9657
224.5 61 37.6304
225 61 40.7462
225.5 61 41.7426
226 61 41.9365
226.5 61 39.8381
227 61 39.8939
227.5 61 39.7432
228 61 39.031
228.5 61 39.5006
229 61 42.7983
229.5 61 42.3913
230 61 42.9111
230.5 61 43.6697
231 61 44.4077
231.5 61 44.2563
232 61 42.7841
232.5 61 44.0715
233 61 40.928
233.5 61 39.3614
234 61 40.4768
234.5 61 39.3277
235 61 41.0309
188.5 61.5 28.4896
189 61.5 30.2138
189.5 61.5 29.8736
190 61.5 30.868
190.5 61.5 31.3009
191 61.5 30.4421
191.5 61.5 30.402
192 61.5 29.9558
192.5 61.5 30.1424
193 61.5 32.3367
193.5 61.5 31.8132
194 61.5 30.0561
194.5 61.5 29.6118
195 61.5 31.187
195.5 61.5 30.6093
196 61.5 32.9626
196.5 61.5 32.7101
197 61.5 33.2384
197.5 61.5 33.0274
198 61.5 31.8908
198.5 61.5 30.0624
199 61.5 29.3278
199.5 61.5 30.9249
200 61.5 32.6852
200.5 61.5 33.173
201 61.5 32.5553
201.5 61.5 32.7457
202 61.5 29.3621
202.5 61.5 29.3195
203 61.5 39.135
203.5 61.5 38.4784
204 61.5 39.0314
204.5 61.5 39.7285
205 61.5 41.0333
205.5 61.5 38.4015
206 61.5 27.4294
206.5 61.5 27.1418
207 61.5 30.4404
207.5 61.5 25.9486
208 61.5 27.2452
208.5 61.5 30.237
209 61.5 29.3396
209.5 61.5 29.4172
210 61.5 36.9254
210.5 61.5 34.4141
211 61.5 45.915
211.5 61.5 44.9535
212 61.5 44.4577
212.5 61.5 44.8157
213 61.5 41.5442
213.5 61.5 42.7285
214 61.5 41.9609
214.5 61.5 40.3723
215 61.5 30.1188
215.5 61.5 30.7686
216 61.5 32.6889
216.5 61.5 36.521
217 61.5 33.869
217.5 61.5 33.1081
218 61.5 32.3284
218.5 61.5 31.8771
219 61.5 32.2478
219.5 61.5 33.2569
220 61.5 35.0326
220.5 61.5 34.7396
221 61.5 36.4024
221.5 61.5 35.5841
222 61.5 35.4512
222.5 61.5 35.8861
223 61.5 38.9216
223.5 61.5 39.1025
224 61.5 38.1725
224.5 61.5 39.2571
225 61.5 40.6953
225.5 61.5 40.2042
226 61.5 39.4812
226.5 61.5 41.4415
227 61.5 39.9053
227.5 61.5 40.3503
228 61.5 40.2948
228.5 61.5 40.0595
229 61.5 43.6405
229.5 61.5 43.1501
230 61.5 43.3566
230.5 61.5 43.8017
231 61.5 43.1203
231.5 61.5 43.5069
232 61.5 43.6794
232.5 61.5 42.9731
233 61.5 39.5316
233.5 61.5 39.2063
188.5 62 28.3403
189 62 30.9236
189.5 62 30.3562
190 62 29.9885
190.5 62 30.145
191 62 30.3138
191.5 62 30.1331
192 62 30.1737
192.5 62 30.1433
193 62 32.1464
193.5 62 32.5608
194 62 32.9568
194.5 62 32.872
195 62 32.1359
195.5 62 32.2964
196 62 31.3993
196.5 62 31.4371
197 62 32.3389
197.5 62 32.0134
198 62 34.0998
198.5 62 33.8151
199 62 33.1374
199.5 62 34.0144
200 62 33.227
200.5 62 33.8733
201 62 32.969
201.5 62 33.3455
202 62 32.9692
202.5 62 32.7903
203 62 33.453
203.5 62 34.0381
204 62 35.0396
204.5 62 34.8357
205 62 31.983
205.5 62 34.4082
206 62 33.9563
206.5 62 34.6018
207 62 40.6128
207.5 62 41.0796
208 62 39.5425
208.5 62 38.7655
209 62 35.6926
209.5 62 37.2326
210 62 40.9405
210.5 62 40.4723
211 62 38.7209
211.5 62 37.4709
212 62 28.7234
212.5 62 30.6177
213 62 44.2648
213.5 62 44.0619
214 62 47.7043
214.5 62 45.7382
215 62 45.4506
215.5 62 46.6924
216 62 38.9956
216.5 62 41.2739
217 62 37.4991
217.5 62 36.1075
218 62 35.8297
218.5 62 35.636
219 62 35.5865
219.5 62 36.3465
220 62 36.1451
220.5 62 35.7691
221 62 36.8544
221.5 62 36.2338
222 62 36.9402
222.5 62 36.3859
223 62 39.3604
223.5 62 40.5489
224 62 40.8994
224.5 62 41.2938
225 62 40.7467
225.5 62 39.7302
226 62 40.3756
226.5 62 40.99
227 62 40.5934
227.5 62 40.0352
228 62 41.0843
228.5 62 40.1204
229 62 44.0416
229.5 62 43.2734
230 62 44.4105
230.5 62 43.6936
231 62 44.1472
231.5 62 44.5682
232 62 43.5099
232.5 62 42.4239
233 62 38.2337
233.5 62 38.0949
189 62.5 30.198
189.5 62.5 30.9979
190 62.5 29.8054
190.5 62.5 30.4261
191 62.5 30.2866
191.5 62.5 30.2831
192 62.5 30.2533
192.5 62.5 30.3215
193 62.5 32.5229
193.5 62.5 33.1214
194 62.5 32.8945
194.5 62.5 32.8367
195 62.5 32.2501
195.5 62.5 32.5881
196 62.5 31.3362
196.5 62.5 31.5914
197 62.5 32.8726
197.5 62.5 31.8422
198 62.5 34.488
198.5 62.5 34.7041
199 62.5 34.66
199.5 62.5 33.8303
200 62.5 34.6509
200.5 62.5 34.0593
201 62.5 33.2303
201.5 62.5 33.6941
202 62.5 33.386
202.5 62.5 33.5062
203 62.5 35.7121
203.5 62.5 34.9319
204 62.5 35.0084
204.5 62.5 34.9824
205 62.5 32.582
205.5 62.5 32.7513
206 62.5 34.0795
206.5 62.5 34.0833
207 62.5 39.8146
207.5 62.5 40.5923
208 62.5 39.7147
208.5 62.5 41.0006
209 62.5 39.2235
209.5 62.5 39.3718
210 62.5 42.2125
210.5 62.5 41.7971
211 62.5 40.6325
211.5 62.5 38.4621
212 62.5 29.5983
212.5 62.5 31.7057
213 62.5 41.7616
213.5 62.5 41.8847
214 62.5 43.1887
214.5 62.5 41.809
215 62.5 45.2307
215.5 62.5 46.5189
216 62.5 41.8568
216.5 62.5 41.4586
217 62.5 35.5026
217.5 62.5 36.7111
218 62.5 36.5066
218.5 62.5 36.387
219 62.5 34.792
219.5 62.5 35.1459
220 62.5 36.2553
220.5 62.5 35.7378
221 62.5 36.7947
221.5 62.5 36.9874
222 62.5 37.0191
222.5 62.5 35.9272
223 62.5 40.1865
223.5 62.5 40.1928
224 62.5 40.6693
224.5 62.5 40.5238
225 62.5 40.9143
225.5 62.5 40.3259
226 62.5 40.502
226.5 62.5 40.8869
227 62.5 39.4967
227.5 62.5 41.0228
228 62.5 39.423
228.5 62.5 40.1003
229 62.5 43.5118
229.5 62.5 43.5807
230 62.5 43.6708
230.5 62.5 43.924
231 62.5 43.8437
231.5 62.5 43.046
232 62.5 42.6912
189 63 33.1162
189.5 63 33.3786
190 63 24.1246
190.5 63 24.2517
191 63 23.9785
191.5 63 24.3244
192 63 23.7956
192.5 63 23.336
193 63 30.7956
193.5 63 31.0774
194 63 30.1304
194.5 63 30.3811
195 63 32.2377
195.5 63 32.5481
196 63 33.3643
196.5 63 33.4775
197 63 33.6309
197.5 63 33.3239
198 63 33.9146
198.5 63 33.6015
199 63 34.6371
199.5 63 34.6956
200 63 33.6436
200.5 63 33.0382
201 63 33.3237
201.5 63 33.7507
202 63 34.6911
202.5 63 34.6517
203 63 35.6429
203.5 63 35.0126
204 63 35.0386
204.5 63 34.4606
205 63 36.063
205.5 63 35.9431
206 63 33.0364
206.5 63 34.46
207 63 34.07
207.5 63 35.981
208 63 32.8596
208.5 63 31.8943
209 63 34.3844
209.5 63 34.9251
210 63 38.7724
210.5 63 38.57
211 63 39.7224
211.5 63 40.7174
212 63 42.263
212.5 63 43.0699
213 63 43.4942
213.5 63 43.8946
214 63 38.0335
214.5 63 38.6955
215 63 38.9767
215.5 63 37.5227
216 63 38.3099
216.5 63 37.2963
217 63 36.9028
217.5 63 38.0659
218 63 37.366
218.5 63 37.1473
219 63 37.7129
219.5 63 36.4321
220 63 36.8242
220.5 63 37.8587
221 63 37.5378
221.5 63 36.2385
222 63 36.5078
222.5 63 35.3498
223 63 40.0391
223.5 63 40.5597
224 63 40.1115
224.5 63 40.7184
225 63 41.4208
225.5 63 41.3754
226 63 40.5447
226.5 63 40.9033
227 63 41.4035
227.5 63 39.5174
228 63 40.367
228.5 63 40.4777
229 63 43.7785
229.5 63 43.8121
230 63 44.6001
230.5 63 43.8657
231 63 43.5828
231.5 63 43.1103
232 63 41.994
189.5 63.5 33.8096
190 63.5 24.5697
190.5 63.5 24.8291
191 63.5 24.2554
191.5 63.5 24.536
192 63.5 24.3321
192.5 63.5 24.0863
193 63.5 29.8251
193.5 63.5 30.6285
194 63.5 29.3597
194.5 63.5 29.5926
195 63.5 31.8736
195.5 63.5 31.1093
196 63.5 31.8292
196.5 63.5 31.9468
197 63.5 32.1047
197.5 63.5 31.9328
198 63.5 32.3772
198.5 63.5 32.9116
199 63.5 34.1734
199.5 63.5 33.8317
200 63.5 32.4777
200.5 63.5 31.8322
201 63.5 35.0671
201.5 63.5 34.3282
202 63.5 34.8577
202.5 63.5 35.2211
203 63.5 36.3139
203.5 63.5 36.0734
204 63.5 35.5622
204.5 63.5 35.5891
205 63.5 35.0777
205.5 63.5 36.1042
206 63.5 35.7093
206.5 63.5 34.433
207 63.5 32.5129
207.5 63.5 33.1905
208 63.5 30.9223
208.5 63.5 31.9213
209 63.5 35.1168
209.5 63.5 35.3132
210 63.5 37.772
210.5 63.5 37.3035
211 63.5 39.5642
211.5 63.5 40.4495
212 63.5 42.5898
212.5 63.5 42.864
213 63.5 42.9997
213.5 63.5 41.8483
214 63.5 38.1875
214.5 63.5 37.3883
215 63.5 35.8528
215.5 63.5 36.0755
216 63.5 37.1402
216.5 63.5 37.1048
217 63.5 36.2129
217.5 63.5 33.1559
218 63.5 35.5048
218.5 63.5 36.4336
219 63.5 36.9643
219.5 63.5 37.3309
220 63.5 38.0949
220.5 63.5 37.5655
221 63.5 36.3306
221.5 63.5 36.6592
222 63.5 36.6607
222.5 63.5 35.9979
223 63.5 40.2401
223.5 63.5 40.2521
224 63.5 42.1302
224.5 63.5 40.4694
225 63.5 42.1721
225.5 63.5 41.4888
226 63.5 41.1879
226.5 63.5 40.5042
227 63.5 41.1436
227.5 63.5 39.9606
228 63.5 40.8548
228.5 63.5 40.7805
229 63.5 43.4231
229.5 63.5 43.147
230 63.5 44.11
230.5 63.5 43.2412
231 63.5 43.0845
231.5 63.5 42.8318
232 63.5 42.59
232.5 63.5 42.0827
233 63.5 38.3593
189.5 64 31.7069
190 64 28.1447
190.5 64 28.155
191 64 28.2376
191.5 64 27.9542
192 64 28.9798
192.5 64 28.6816
193 64 31.9094
193.5 64 32.3538
194 64 31.8829
194.5 64 33.1081
195 64 32.9614
195.5 64 34.362
196 64 33.8497
196.5 64 33.3477
197 64 32.8344
197.5 64 34.601
198 64 33.9115
198.5 64 34.144
199 64 32.5306
199.5 64 32.6353
200 64 26.8784
200.5 64 26.9661
201 64 29.5306
201.5 64 30.0948
202 64 31.77
202.5 64 32.1848
203 64 34.3328
203.5 64 35.3466
204 64 35.7959
204.5 64 35.9014
205 64 37.3654
205.5 64 36.264
206 64 35.1228
206.5 64 30.6768
207 64 36.6731
207.5 64 35.9101
208 64 34.0187
208.5 64 33.37
209 64 30.3552
209.5 64 29.9159
210 64 33.3534
210.5 64 32.122
211 64 32.0219
211.5 64 30.4438
212 64 32.8524
212.5 64 32.0388
213 64 30.6618
213.5 64 31.2311
214 64 33.4254
214.5 64 35.0483
215 64 36.4403
215.5 64 36.6643
216 64 36.1962
216.5 64 35.3155
217 64 35.3254
217.5 64 36.5321
218 64 34.9819
218.5 64 36.5834
219 64 34.8066
219.5 64 36.8996
220 64 35.213
220.5 64 36.2565
221 64 36.5082
221.5 64 35.8414
222 64 35.639
222.5 64 36.3294
223 64 41.1811
223.5 64 41.0418
224 64 41.7601
224.5 64 41.2567
225 64 41.3527
225.5 64 41.2048
226 64 39.9496
226.5 64 40.5549
227 64 41.3564
227.5 64 40.428
228 64 39.5234
228.5 64 40.0535
229 64 45.709
229.5 64 45.408
230 64 46.3621
230.5 64 46.2851
231 64 46.1761
231.5 64 46.1417
232 64 46.3867
232.5 64 45.7887
189.5 64.5 31.0589
190 64.5 27.7017
190.5 64.5 28.3658
191 64.5 28.2942
191.5 64.5 28.2664
192 64.5 29.6538
192.5 64.5 29.6325
193 64.5 33.7787
193.5 64.5 33.069
194 64.5 34.0737
194.5 64.5 33.543
195 64.5 35.1209
195.5 64.5 34.963
196 64.5 34.0653
196.5 64.5 34.7122
197 64.5 34.465
197.5 64.5 34.4504
198 64.5 34.8188
198.5 64.5 34.9277
199 64.5 32.7876
199.5 64.5 33.2543
200 64.5 26.7301
200.5 64.5 26.0268
201 64.5 28.7715
201.5 64.5 28.9202
202 64.5 32.1263
202.5 64.5 31.7358
203 64.5 35.7358
203.5 64.5 34.8733
204 64.5 34.7718
204.5 64.5 35.8592
205 64.5 36.5381
205.5 64.5 36.2917
206 64.5 35.9455
206.5 64.5 36.2259
207 64.5 37.7056
207.5 64.5 38.277
208 64.5 36.8612
208.5 64.5 36.2774
209 64.5 31.3933
209.5 64.5 30.664
210 64.5 32.253
210.5 64.5 32.0389
211 64.5 30.9495
211.5 64.5 30.4453
212 64.5 30.9573
212.5 64.5 31.5796
213 64.5 31.7255
213.5 64.5 31.4782
214 64.5 32.6955
214.5 64.5 33.7467
215 64.5 34.9188
215.5 64.5 35.8344
216 64.5 36.4375
216.5 64.5 36.4483
217 64.5 36.6662
217.5 64.5 37.2851
218 64.5 35.3312
218.5 64.5 37.0073
219 64.5 35.6635
219.5 64.5 36.3011
220 64.5 36.4182
220.5 64.5 35.6546
221 64.5 36.0741
221.5 64.5 36.6614
222 64.5 36.6201
222.5 64.5 36.7548
223 64.5 41.2571
223.5 64.5 41.0291
224 64.5 40.8686
224.5 64.5 39.8377
225 64.5 40.4121
225.5 64.5 40.3717
226 64.5 40.7003
226.5 64.5 39.8793
227 64.5 39.8149
227.5 64.5 39.5431
228 64.5 39.9212
228.5 64.5 40.0654
229 64.5 45.7622
229.5 64.5 45.693
230 64.5 46.4823
230.5 64.5 45.2728
231 64.5 46.1485
231.5 64.5 46.5399
232 64.5 45.9351
232.5 64.5 45.7885
233 64.5 38.3619
189.5 65 31.5731
190 65 31.6522
190.5 65 32.8236
191 65 32.2249
191.5 65 32.0796
192 65 32.244
192.5 65 32.8307
193 65 33.653
193.5 65 33.834
194 65 33.674
194.5 65 33.0493
195 65 33.2045
195.5 65 34.1551
196 65 33.9513
196.5 65 34.2621
197 65 34.5136
197.5 65 33.4729
198 65 33.6564
198.5 65 34.6857
199 65 34.7203
199.5 65 34.3571
200 65 32.0546
200.5 65 32.3636
201 65 31.3713
201.5 65 31.6818
202 65 32.3843
202.5 65 32.8553
203 65 35.5694
203.5 65 35.6586
204 65 36.6345
204.5 65 35.8504
205 65 34.5513
205.5 65 34.0831
206 65 34.6471
206.5 65 34.8576
207 65 36.0269
207.5 65 37.2274
208 65 35.3789
208.5 65 35.5037
209 65 35.0254
209.5 65 34.7928
210 65 32.385
210.5 65 32.7916
211 65 31.4408
211.5 65 30.8487
212 65 31.8381
212.5 65 32.5313
213 65 32.3956
213.5 65 31.7739
214 65 36.2888
214.5 65 35.7915
215 65 36.8936
215.5 65 37.4161
216 65 38.2629
216.5 65 37.7483
217 65 38.1418
217.5 65 38.0379
218 65 38.458
218.5 65 38.4178
219 65 38.6215
219.5 65 38.1057
220 65 38.6275
220.5 65 38.9219
221 65 39.161
221.5 65 38.4591
222 65 39.632
222.5 65 39.6346
223 65 39.5454
223.5 65 39.9585
224 65 39.1417
224.5 65 38.304
225 65 38.5738
225.5 65 38.3131
226 65 38.1013
226.5 65 36.5549
227 65 36.725
227.5 65 36.7282
228 65 36.0508
228.5 65 35.5891
229 65 42.9421
229.5 65 42.4806
230 65 42.2014
230.5 65 43.2428
231 65 44.5408
231.5 65 43.3344
232 65 43.061
232.5 65 43.7244
233 65 38.507
233.5 65 38.5452
190 65.5 31.1778
190.5 65.5 31.4444
191 65.5 31.9315
192.5 65.5 32.4963
193 65.5 33.6939
193.5 65.5 33.1228
194 65.5 33.1622
194.5 65.5 32.9934
195 65.5 32.559
195.5 65.5 33.4025
196 65.5 33.3586
196.5 65.5 33.3851
197 65.5 32.4263
197.5 65.5 33.3146
198 65.5 33.6617
198.5 65.5 32.6948
199 65.5 33.1626
199.5 65.5 33.4374
200 65.5 31.8356
200.5 65.5 32.1679
201 65.5 31.1162
201.5 65.5 32.1501
202 65.5 33.6479
202.5 65.5 33.7664
203 65.5 36.9131
203.5 65.5 37.8575
204 65.5 36.4826
204.5 65.5 36.6969
205 65.5 34.3641
205.5 65.5 33.8244
206 65.5 34.5999
206.5 65.5 34.7912
207 65.5 36.2534
207.5 65.5 36.0715
208 65.5 35.1659
208.5 65.5 34.5449
209 65.5 34.4618
209.5 65.5 33.9377
210 65.5 33.5266
210.5 65.5 33.6038
211 65.5 32.9191
211.5 65.5 33.1889
212 65.5 33.8208
212.5 65.5 34.7025
213 65.5 33.657
213.5 65.5 32.8838
214 65.5 37.0865
214.5 65.5 36.7845
215 65.5 39.0047
215.5 65.5 38.591
216 65.5 37.8306
216.5 65.5 38.2167
217 65.5 36.4432
217.5 65.5 37.0308
218 65.5 38.2117
218.5 65.5 37.7323
219 65.5 37.3637
219.5 65.5 36.3045
220 65.5 35.9175
220.5 65.5 36.7936
221 65.5 37.5018
221.5 65.5 38.5247
222 65.5 38.0636
222.5 65.5 38.9542
223 65.5 38.7132
223.5 65.5 37.7881
224 65.5 37.858
224.5 65.5 37.5867
225 65.5 37.8458
225.5 65.5 37.1704
226 65.5 38.0445
226.5 65.5 37.3199
227 65.5 36.7977
227.5 65.5 36.5755
228 65.5 35.6876
228.5 65.5 36.0383
229 65.5 42.7132
229.5 65.5 43.5729
230 65.5 42.9431
230.5 65.5 44.0129
231 65.5 45.0931
231.5 65.5 45.5207
232 65.5 43.2284
192.5 66 31.1566
193 66 32.3299
193.5 66 32.919
194 66 32.786
194.5 66 32.5291
195 66 32.9882
195.5 66 32.4509
196 66 32.4221
196.5 66 32.6202
197 66 32.9819
197.5 66 32.4496
198 66 32.5395
198.5 66 33.1566
199 66 36.7743
199.5 66 37.1332
200 66 35.7064
200.5 66 35.9295
201 66 37.3856
201.5 66 37.458
202 66 40.0107
202.5 66 39.0011
203 66 37.9257
203.5 66 39.9116
204 66 40.0446
204.5 66 39.3075
205 66 33.9519
205.5 66 34.3081
206 66 34.5582
206.5 66 35.2446
207 66 32.9275
207.5 66 32.4665
208 66 37.1812
208.5 66 36.4648
209 66 37.2563
209.5 66 37.228
210 66 37.3143
210.5 66 36.526
211 66 32.7466
211.5 66 32.499
212 66 32.4347
212.5 66 33.1768
213 66 37.8088
213.5 66 38.9853
214 66 35.7987
214.5 66 34.3301
215 66 38.128
215.5 66 37.9107
216 66 39.1324
216.5 66 39.3005
217 66 40.3793
217.5 66 39.9336
218 66 39.827
218.5 66 40.7492
219 66 38.8127
219.5 66 37.9363
220 66 38.6257
220.5 66 38.1403
221 66 37.3596
221.5 66 36.9461
222 66 38.507
222.5 66 37.9793
223 66 38.8219
223.5 66 38.8896
224 66 37.8599
224.5 66 36.7026
225 66 31.4874
225.5 66 31.155
226 66 34.3202
226.5 66 34.6801
227 66 34.6001
227.5 66 34.5187
228 66 34.7285
228.5 66 34.8532
229 66 31.3009
229.5 66 31.0403
230 66 32.0117
230.5 66 32.7819
231 66 33.1184
231.5 66 32.8291
232 66 34.4768
232.5 66 34.6419
233 66 37.9289
233.5 66 35.5288
193 66.5 31.877
193.5 66.5 31.9675
194 66.5 32.8253
194.5 66.5 32.4265
195 66.5 33.7186
195.5 66.5 33.2665
196 66.5 33.0042
196.5 66.5 31.913
197 66.5 31.749
197.5 66.5 31.3986
198 66.5 32.4771
198.5 66.5 32.2751
199 66.5 35.8634
199.5 66.5 36.7354
200 66.5 35.5566
200.5 66.5 36.2567
201 66.5 38.6691
201.5 66.5 38.7549
202 66.5 39.9195
202.5 66.5 40.649
203 66.5 39.7086
203.5 66.5 40.556
204 66.5 40.7285
204.5 66.5 40.6164
205 66.5 36.3303
205.5 66.5 36.5618
206 66.5 35.8491
206.5 66.5 36.5105
207 66.5 32.096
207.5 66.5 32.5312
208 66.5 35.7021
208.5 66.5 35.6346
209 66.5 36.9106
209.5 66.5 37.9991
210 66.5 38.104
210.5 66.5 38.0053
211 66.5 33.0357
211.5 66.5 32.2918
212 66.5 31.0064
212.5 66.5 31.0889
213 66.5 38.0725
213.5 66.5 38.1585
214 66.5 35.5624
214.5 66.5 34.7048
215 66.5 38.0926
215.5 66.5 38.2276
216 66.5 37.8551
216.5 66.5 38.8926
217 66.5 38.8004
217.5 66.5 39.3223
218 66.5 39.8152
218.5 66.5 40.0144
219 66.5 40.9282
219.5 66.5 40.5032
220 66.5 40.6093
220.5 66.5 39.4876
221 66.5 38.0236
221.5 66.5 37.691
222 66.5 37.4398
222.5 66.5 37.972
223 66.5 38.1643
223.5 66.5 38.674
224 66.5 36.8337
224.5 66.5 36.9407
225 66.5 31.3548
225.5 66.5 32.6998
226 66.5 34.7367
226.5 66.5 34.7873
227 66.5 33.6266
227.5 66.5 34.8407
228 66.5 35.6957
228.5 66.5 34.8112
229 66.5 31.0317
229.5 66.5 31.139
230 66.5 32.1934
230.5 66.5 33.1628
231 66.5 33.0169
231.5 66.5 32.6765
232 66.5 34.606
232.5 66.5 33.7236
233 66.5 36.2829
193 67 29.9025
193.5 67 30.1481
194 67 30.8867
194.5 67 31.5492
195 67 33.8771
195.5 67 32.9853
196 67 42.1535
196.5 67 42.648
197 67 40.6111
197.5 67 40.7939
198 67 34.9709
198.5 67 34.9757
199 67 40.2248
199.5 67 41.0713
200 67 40.3124
200.5 67 40.0908
201 67 40.602
201.5 67 40.018
202 67 40.8668
202.5 67 39.4079
203 67 40.5712
203.5 67 41.0708
204 67 40.7908
204.5 67 40.273
205 67 40.8322
205.5 67 41.3027
206 67 41.3447
206.5 67 41.7145
207 67 41.2436
207.5 67 39.7566
208 67 40.4066
208.5 67 41.2272
209 67 42.2511
209.5 67 41.9624
210 67 43.033
210.5 67 42.5876
211 67 39.6022
211.5 67 39.6821
212 67 42.0289
212.5 67 38.6379
213 67 38.0182
213.5 67 38.4313
214 67 38.1089
214.5 67 39.2183
215 67 40.2571
215.5 67 40.804
216 67 40.1938
216.5 67 39.0474
217 67 39.5173
217.5 67 38.3893
218 67 38.5211
218.5 67 38.8094
219 67 39.266
219.5 67 40.2997
220 67 39.8384
220.5 67 40.2637
221 67 39.1628
221.5 67 37.7755
222 67 31.5595
222.5 67 32.8868
223 67 38.4833
223.5 67 37.2384
224 67 33.3649
224.5 67 32.8543
225 67 32.7814
225.5 67 33.7573
226 67 33.7285
226.5 67 33.8663
227 67 36.1491
227.5 67 35.4528
228 67 33.9905
228.5 67 33.8905
229 67 33.7869
229.5 67 33.9318
230 67 33.8033
230.5 67 33.388
231 67 34.4291
231.5 67 34.9595
232 67 34.1195
232.5 67 34.4217
233 67 37.6024
193.5 67.5 30.1067
194 67.5 30.8441
194.5 67.5 32.5766
195 67.5 33.56
195.5 67.5 34.1061
196 67.5 41.0268
196.5 67.5 39.4258
197 67.5 41.4995
197.5 67.5 41.3038
198 67.5 35.1232
198.5 67.5 34.7738
199 67.5 41.5844
199.5 67.5 41.921
200 67.5 41.5713
200.5 67.5 41.4292
201 67.5 41.3257
201.5 67.5 41.5026
202 67.5 40.4176
202.5 67.5 40.9057
203 67.5 40.971
203.5 67.5 40.2204
204 67.5 40.2239
204.5 67.5 39.2648
205 67.5 39.7518
205.5 67.5 38.9303
206 67.5 41.3348
206.5 67.5 41.3717
207 67.5 40.7241
207.5 67.5 41.3196
208 67.5 42.2147
208.5 67.5 41.0262
209 67.5 42.8291
209.5 67.5 42.9003
210 67.5 44.3232
210.5 67.5 43.3879
211 67.5 40.3731
211.5 67.5 40.3353
212 67.5 42.6862
212.5 67.5 41.4434
213 67.5 39.9496
213.5 67.5 38.2281
214 67.5 36.8071
214.5 67.5 35.9712
215 67.5 36.8708
215.5 67.5 39.1441
216 67.5 38.6956
216.5 67.5 40.1401
217 67.5 40.2769
217.5 67.5 39.9293
218 67.5 38.416
218.5 67.5 39.6116
219 67.5 38.4866
219.5 67.5 38.9596
220 67.5 38.4283
220.5 67.5 39.0956
221 67.5 38.0457
221.5 67.5 38.6592
222 67.5 33.0131
222.5 67.5 32.0355
223 67.5 38.7964
223.5 67.5 38.2747
224 67.5 34.7619
224.5 67.5 33.8109
225 67.5 34.6461
225.5 67.5 33.854
226 67.5 34.7533
226.5 67.5 34.2679
227 67.5 35.7635
227.5 67.5 35.3161
228 67.5 34.458
228.5 67.5 33.6545
229 67.5 32.6069
229.5 67.5 33.0619
230 67.5 33.8646
230.5 67.5 33.4455
231 67.5 34.3605
231.5 67.5 34.0297
232 67.5 34.8772
232.5 67.5 34.4763
233 67.5 36.3545
233.5 67.5 37.616
234 67.5 36.7949
193.5 68 30.3294
194 68 29.5404
194.5 68 30.7607
195 68 25.1119
195.5 68 26.2499
196 68 31.6862
196.5 68 31.8208
197 68 35.8721
197.5 68 34.8582
198 68 35.5202
198.5 68 36.1019
199 68 37.6078
199.5 68 36.4241
200 68 37.7459
200.5 68 36.6349
201 68 37.4802
201.5 68 36.5762
202 68 36.1929
202.5 68 36.5204
203 68 36.9666
203.5 68 37.9796
204 68 38.2848
204.5 68 38.205
205 68 37.3943
205.5 68 37.9304
206 68 38.3181
206.5 68 38.3389
207 68 34.1207
207.5 68 35.655
208 68 39.5732
208.5 68 39.6527
209 68 41.6472
209.5 68 43.2632
210 68 43.1737
210.5 68 43.2759
211 68 41.5948
211.5 68 42.2753
212 68 53.7319
212.5 68 53.0533
213 68 46.5955
213.5 68 45.5798
214 68 41.1774
214.5 68 40.425
215 68 38.5974
215.5 68 38.9211
216 68 38.7927
216.5 68 39.7813
217 68 40.7594
217.5 68 40.967
218 68 41.423
218.5 68 40.3019
219 68 41.0938
219.5 68 40.7048
220 68 39.4087
220.5 68 39.6932
221 68 38.5651
221.5 68 38.2041
222 68 30.0803
222.5 68 30.2804
223 68 29.9225
223.5 68 30.1188
224 68 34.1821
224.5 68 34.9627
225 68 34.532
225.5 68 35.4993
226 68 39.4692
226.5 68 39.5487
227 68 39.4961
227.5 68 38.9353
228 68 35.4682
228.5 68 35.7507
229 68 35.1649
229.5 68 34.5831
230 68 35.3479
230.5 68 35.6131
231 68 35.3528
231.5 68 34.7187
232 68 35.1294
232.5 68 35.374
233 68 37.2824
233.5 68 37.8743
234 68 37.6289
194.5 68.5 29.2432
195 68.5 24.3425
195.5 68.5 24.3627
196 68.5 31.4596
196.5 68.5 31.8636
197 68.5 34.6721
197.5 68.5 33.0237
198 68.5 34.6984
198.5 68.5 34.2047
199 68.5 35.5448
199.5 68.5 35.089
200 68.5 36.2641
200.5 68.5 36.0686
201 68.5 36.9552
201.5 68.5 35.6784
202 68.5 36.1021
202.5 68.5 36.9006
203 68.5 37.6601
203.5 68.5 38.0269
204 68.5 38.0354
204.5 68.5 38.1668
205 68.5 38.3876
205.5 68.5 37.6356
206 68.5 37.677
206.5 68.5 38.5523
207 68.5 35.9358
207.5 68.5 35.0991
208 68.5 41.1354
208.5 68.5 39.2226
209 68.5 42.9497
209.5 68.5 42.6121
210 68.5 43.4775
210.5 68.5 45.4644
211 68.5 43.6817
211.5 68.5 42.8359
212 68.5 54.632
212.5 68.5 54.4239
213 68.5 46.2971
213.5 68.5 44.9208
214 68.5 42.5331
214.5 68.5 42.0711
215 68.5 39.9872
215.5 68.5 39.4023
216 68.5 40.7534
216.5 68.5 40.3474
217 68.5 41.4833
217.5 68.5 40.4151
218 68.5 40.8546
218.5 68.5 41.3508
219 68.5 40.9614
219.5 68.5 40.5429
220 68.5 40.3305
220.5 68.5 39.382
221 68.5 38.4004
221.5 68.5 38.006
222 68.5 30.261
222.5 68.5 31.519
223 68.5 30.9115
223.5 68.5 29.8852
224 68.5 34.4473
224.5 68.5 34.8582
225 68.5 35.2307
225.5 68.5 35.2938
226 68.5 39.3647
226.5 68.5 38.2778
227 68.5 38.5218
227.5 68.5 37.902
228 68.5 35.6737
228.5 68.5 35.7263
229 68.5 35.025
229.5 68.5 35.869
230 68.5 36.1104
230.5 68.5 35.344
231 68.5 35.0527
231.5 68.5 35.7537
232 68.5 35.2034
232.5 68.5 35.5165
233 68.5 37.2782
233.5 68.5 36.7666
234 68.5 37.6425
194.5 69 24.4177
195 69 19.3581
195.5 69 19.3713
196 69 20.9635
196.5 69 20.7921
197 69 20.263
197.5 69 20.2913
198 69 21.4283
198.5 69 21.2008
199 69 31.2421
199.5 69 30.9009
200 69 30.678
200.5 69 30.4364
201 69 30.198
201.5 69 30.4652
202 69 30.9144
202.5 69 30.4654
203 69 32.8746
203.5 69 32.3802
204 69 32.3038
204.5 69 32.5504
205 69 34.013
205.5 69 32.5833
206 69 33.5318
206.5 69 32.7199
207 69 33.0467
207.5 69 32.4154
208 69 33.7864
208.5 69 34.2454
209 69 37.0849
209.5 69 39.6391
210 69 39.3964
210.5 69 38.2037
211 69 39.2014
211.5 69 39.5576
212 69 41.3109
212.5 69 40.193
213 69 35.8209
213.5 69 36.5897
214 69 35.8932
214.5 69 36.864
215 69 37.1307
215.5 69 38.013
216 69 38.3778
216.5 69 38.7776
217 69 39.2247
217.5 69 39.3695
218 69 39.5661
218.5 69 39.0532
219 69 37.9438
219.5 69 37.9848
220 69 30.8757
220.5 69 31.8596
221 69 26.6194
221.5 69 26.9651
222 69 22.7612
222.5 69 23.3214
223 69 24.7548
223.5 69 24.5733
224 69 27.9781
224.5 69 28.0032
225 69 31.3771
225.5 69 30.865
226 69 32.119
226.5 69 32.1627
227 69 32.9071
227.5 69 32.4424
228 69 33.6543
228.5 69 33.6491
229 69 35.0681
229.5 69 35.2291
230 69 34.254
230.5 69 35.0803
231 69 34.1575
231.5 69 33.2387
232 69 33.0996
232.5 69 33.6222
233 69 37.8304
233.5 69 37.1866
234 69 38.1905
234.5 69 38.336
235 69 37.9947
195 69.5 19.3797
198 69.5 21.0627
198.5 69.5 21.4192
199 69.5 31.1357
199.5 69.5 31.4806
200 69.5 31.1296
200.5 69.5 31.3685
201 69.5 31.7959
201.5 69.5 32.0393
202 69.5 32.1345
202.5 69.5 32.222
203 69.5 31.8901
203.5 69.5 31.8857
204 69.5 31.4602
204.5 69.5 31.5164
205 69.5 32.1533
205.5 69.5 32.3301
206 69.5 32.5922
206.5 69.5 32.9284
207 69.5 32.8492
207.5 69.5 33.8975
208 69.5 34.0486
208.5 69.5 33.7016
209 69.5 38.4277
209.5 69.5 36.4791
210 69.5 37.5171
210.5 69.5 38.7995
211 69.5 38.272
211.5 69.5 39.8102
212 69.5 38.6069
212.5 69.5 39.5427
213 69.5 36.1916
213.5 69.5 36.2109
214 69.5 36.3237
214.5 69.5 36.9839
215 69.5 38.5083
215.5 69.5 39.1602
216 69.5 39.6187
216.5 69.5 40.3413
217 69.5 39.9648
217.5 69.5 40.2494
218 69.5 40.2739
218.5 69.5 40.361
219 69.5 39.1619
219.5 69.5 38.8023
220 69.5 32.1782
220.5 69.5 32.1904
221 69.5 26.1055
221.5 69.5 26.2914
222 69.5 23.1617
222.5 69.5 22.4497
223 69.5 24.2796
223.5 69.5 24.3245
224 69.5 28.0033
224.5 69.5 27.7558
225 69.5 32.131
225.5 69.5 32.1901
226 69.5 32.7909
226.5 69.5 32.1906
227 69.5 32.1861
227.5 69.5 31.7335
228 69.5 33.7362
228.5 69.5 33.5728
229 69.5 34.4861
229.5 69.5 33.9888
230 69.5 34.5661
230.5 69.5 33.9334
231 69.5 33.9681
231.5 69.5 33.8468
232 69.5 33.105
232.5 69.5 33.9043
233 69.5 37.6971
198 70 25.716
198.5 70 25.9241
199 70 24.706
199.5 70 24.068
200 70 26.8384
200.5 70 27.5747
201 70 27.8697
201.5 70 29.3901
202 70 29.7032
202.5 70 29.3398
203 70 28.1194
203.5 70 28.5907
204 70 28.768
204.5 70 28.6657
205 70 28.2637
205.5 70 28.356
206 70 28.5426
206.5 70 28.1841
207 70 29.2142
207.5 70 29.2461
208 70 29.516
208.5 70 28.8472
209 70 33.1877
209.5 70 33.7291
210 70 33.8788
210.5 70 33.1867
211 70 32.0167
211.5 70 32.0721
212 70 29.975
212.5 70 30.4091
213 70 28.2747
213.5 70 28.3043
214 70 23.7155
214.5 70 24.0456
215 70 22.3727
215.5 70 22.5686
216 70 20.3693
216.5 70 19.92
217 70 19.2016
217.5 70 19.0161
218 70 16.7893
218.5 70 16.5935
219 70 15.9361
219.5 70 15.9965
220 70 15.4303
220.5 70 15.4239
221 70 14.8884
221.5 70 14.6888
222 70 14.6808
222.5 70 14.2437
223 70 15.4721
223.5 70 15.8393
224 70 16.9347
224.5 70 17.0985
225 70 18.1773
225.5 70 17.9862
226 70 17.8958
226.5 70 17.6126
227 70 21.1717
227.5 70 20.8117
228 70 22.5201
228.5 70 21.7762
229 70 26.0538
229.5 70 26.0292
230 70 26.7243
230.5 70 26.7667
231 70 30.6387
231.5 70 29.9099
232 70 31.0988
232.5 70 31.3055
233 70 32.9571
233.5 70 34.4828
234 70 33.9481
234.5 70 33.7027
235 70 34.5108
202 70.5 28.2012
202.5 70.5 28.7015
203 70.5 28.0334
203.5 70.5 28.57
204 70.5 27.5207
204.5 70.5 27.6863
205 70.5 28.2589
205.5 70.5 28.6457
206 70.5 27.971
206.5 70.5 28.3387
207 70.5 28.9403
207.5 70.5 28.5465
208 70.5 28.0905
208.5 70.5 27.9997
209 70.5 33.8907
209.5 70.5 33.6689
210 70.5 32.7567
210.5 70.5 32.9472
211 70.5 31.1691
211.5 70.5 30.8502
212 70.5 29.5317
212.5 70.5 29.5384
213 70.5 27.1291
213.5 70.5 27.2571
214 70.5 22.8552
214.5 70.5 22.455
215 70.5 21.7717
215.5 70.5 21.1576
216 70.5 19.4591
216.5 70.5 19.2503
217 70.5 18.9815
217.5 70.5 19.0018
218 70.5 16.8785
218.5 70.5 17.4739
219 70.5 16.9628
219.5 70.5 16.6478
220 70.5 16.0406
220.5 70.5 16.2457
221 70.5 15.3441
221.5 70.5 15.2376
222 70.5 15.2162
222.5 70.5 15.2452
223 70.5 16.3609
223.5 70.5 15.6783
224 70.5 16.5064
224.5 70.5 16.5657
225 70.5 17.5716
225.5 70.5 17.7219
226 70.5 17.6156
226.5 70.5 17.754
227 70.5 21.0992
227.5 70.5 21.1929
228 70.5 22.7879
228.5 70.5 23.2863
229 70.5 26.9481
229.5 70.5 27.1698
230 70.5 27.4056
230.5 70.5 27.3414
231 70.5 30.7421
231.5 70.5 30.7388
232 70.5 30.976
232.5 70.5 31.2453
233 70.5 34.3445
233.5 70.5 34.6265
234 70.5 34.5604
234.5 70.5 34.4609
235 70.5 34.9288
235.5 70.5 34.9543
236 70.5 34.6658
236.5 70.5 34.6044
237 70.5 38.7783
237.5 70.5 38.5052
202.5 71 29.9681
203 71 31.951
203.5 71 32.2734
204 71 27.3368
205.5 71 25.0748
206 71 24.412
206.5 71 23.9266
207 71 20.0239
207.5 71 20.0627
208 71 15.8994
208.5 71 15.7452
209 71 15.8912
209.5 71 15.9135
210 71 17.5012
210.5 71 17.5811
211 71 15.9189
211.5 71 15.9658
212 71 13.9496
212.5 71 14.0045
213 71 12.5685
213.5 71 12.3707
214 71 9.99895
214.5 71 9.94644
215 71 9.7333
215.5 71 9.90905
216 71 10.209
216.5 71 10.646
217 71 9.23313
217.5 71 9.36387
218 71 9.47605
218.5 71 9.71996
219 71 9.5996
219.5 71 9.56397
220 71 9.23087
220.5 71 9.16444
221 71 8.96185
221.5 71 8.79331
222 71 11.5226
222.5 71 11.3992
223 71 12.47
223.5 71 12.0819
224 71 12.984
224.5 71 12.7038
225 71 13.6126
225.5 71 13.4689
226 71 14.6395
226.5 71 14.6643
227 71 16.9869
227.5 71 17.2373
228 71 17.5442
228.5 71 17.6527
229 71 19.9813
229.5 71 20.2989
230 71 24.0406
230.5 71 23.9421
231 71 28.6439
231.5 71 28.2684
232 71 31.1658
232.5 71 31.2469
233 71 31.9342
233.5 71 31.8198
234 71 32.6671
234.5 71 31.9883
235 71 33.0446
235.5 71 33.199
236 71 35.2003
236.5 71 34.8673
237 71 39.8381
237.5 71 40.0192
238 71 39.6889
210.5 71.5 19.6928
211 71.5 18.1962
211.5 71.5 18.0607
212 71.5 16.4097
212.5 71.5 16.629
213 71.5 14.9072
214 71.5 12.2328
214.5 71.5 12.5107
215 71.5 12.0515
215.5 71.5 12.1212
216 71.5 12.1078
216.5 71.5 12.0889
217 71.5 10.4055
217.5 71.5 10.3352
218 71.5 10.1932
218.5 71.5 10.1302
219 71.5 9.89733
219.5 71.5 9.8047
220 71.5 9.54273
220.5 71.5 9.48233
221 71.5 9.36213
221.5 71.5 9.25839
222 71.5 11.917
222.5 71.5 11.9911
223 71.5 13.2081
223.5 71.5 12.9221
224 71.5 14.0323
224.5 71.5 13.9353
225 71.5 14.9299
225.5 71.5 14.8428
226 71.5 15.8504
226.5 71.5 15.5796
227 71.5 17.9209
227.5 71.5 17.8762
228 71.5 18.2276
228.5 71.5 17.9024
229 71.5 19.6262
229.5 71.5 19.3196
230 71.5 22.1731
230.5 71.5 22.4124
231 71.5 27.0204
231.5 71.5 27.2053
232 71.5 30.8667
232.5 71.5 31.4179
233 71.5 31.9998
233.5 71.5 31.9628
234 71.5 31.8927
234.5 71.5 32.2028
235 71.5 32.1294
235.5 71.5 32.3156
236 71.5 34.3786
210.5 72 12.9114
211 72 10.5743
211.5 72 10.5677
212 72 10.4032
214.5 72 10.8511
215 72 11.2242
215.5 72 11.2263
216 72 11.3577
216.5 72 11.3567
217 72 9.55877
217.5 72 9.67746
218 72 9.32445
218.5 72 9.30252
219 72 8.89319
219.5 72 8.63872
220 72 9.58708
220.5 72 9.59622
221 72 9.64498
221.5 72 9.57046
222 72 9.3512
222.5 72 9.26812
223 72 9.041
223.5 72 9.0035
224 72 8.83866
224.5 72 8.76932
225 72 8.53301
225.5 72 8.47722
226 72 8.2413
226.5 72 8.22523
227 72 9.43884
227.5 72 9.25097
228 72 11.3309
228.5 72 11.2108
229 72 13.6441
229.5 72 13.2521
230 72 17.8918
230.5 72 17.5745
231 72 23.2575
231.5 72 23.047
232 72 26.7206
232.5 72 26.5082
233 72 29.4619
233.5 72 29.1863
234 72 30.8367
234.5 72 30.624
235 72 33.4635
235.5 72 32.9691
