195 54.5 29.8392
196 54.5 27.1174
230 54.5 27.9168
231 54.5 32.3952
232 54.5 34.828
197 55 27.7627
198 55 32.8575
199 55 33.3235
200 55 32.7443
229 55 31.4028
230 55 30.8823
231 55 30.5531
232 55 33.2724
198 55.5 30.5804
199 55.5 32.5507
200 55.5 32.7027
201 55.5 32.7531
228 55.5 31.1927
229 55.5 31.469
230 55.5 31.0043
231 55.5 31.9608
232 55.5 33.4645
199 56 31.5125
200 56 32.9445
201 56 36.7299
202 56 33.2335
203 56 33.7208
204 56 34.0351
205 56 28.0876
227 56 33.0486
228 56 34.2034
229 56 30.7626
230 56 32.6293
231 56 36.4479
199 56.5 31.9211
201 56.5 36.6671
202 56.5 36.189
203 56.5 nan
204 56.5 33.3227
205 56.5 28.7507
206 56.5 37.07
226 56.5 30.8744
227 56.5 31.855
228 56.5 nan
229 56.5 32.8958
230 56.5 33.5567
231 56.5 36.2685
199 57 30.8456
202 57 35.0277
203 57 nan
204 57 32.2251
205 57 37.4597
206 57 35.5931
207 57 31.253
225 57 26.3073
226 57 27.3451
227 57 29.6382
228 57 nan
229 57 35.3409
230 57 34.8113
191 57.5 30.078
200 57.5 nan
202 57.5 30.61
203 57.5 32.603
204 57.5 30.6171
205 57.5 37.0764
206 57.5 42.1974
207 57.5 39.6097
208 57.5 31.1801
209 57.5 26.8391
224 57.5 30.7689
225 57.5 29.8569
226 57.5 26.2419
227 57.5 36.2528
228 57.5 38.5584
229 57.5 36.0511
230 57.5 34.6667
236 57.5 37.2918
193 58 31.5343
200 58 32.0092
201 58 34.9197
202 58 33.4901
203 58 35.3788
204 58 34.5044
205 58 39.5038
206 58 41.1112
207 58 41.5364
208 58 38.2695
209 58 34.4145
210 58 28.3463
222 58 nan
223 58 32.8083
224 58 32.1415
225 58 31.5048
226 58 nan
227 58 38.3899
228 58 37.3673
229 58 37.7131
230 58 37.9844
235 58 39.7832
236 58 36.7402
237 58 37.2524
194 58.5 31.484
195 58.5 30.3956
200 58.5 nan
201 58.5 38.3195
202 58.5 32.1533
203 58.5 37.7722
204 58.5 37.6093
205 58.5 36.6246
206 58.5 39.9961
207 58.5 45.808
208 58.5 41.6987
209 58.5 34.9691
210 58.5 28.2478
211 58.5 24.9297
212 58.5 nan
221 58.5 nan
222 58.5 nan
223 58.5 34.1529
224 58.5 35.7711
225 58.5 33.4971
226 58.5 nan
227 58.5 39.6099
228 58.5 33.0727
229 58.5 37.6451
234 58.5 40.2904
235 58.5 38.2784
196 59 31.6177
197 59 32.4047
198 59 33.0932
199 59 37.3411
200 59 nan
201 59 37.5405
202 59 37.6655
203 59 38.0083
204 59 36.715
205 59 36.0195
206 59 40.3119
207 59 42.7589
208 59 44.5207
209 59 41.2406
210 59 34.5125
211 59 nan
212 59 nan
213 59 nan
220 59 nan
221 59 nan
222 59 34.6707
223 59 38.0957
224 59 42.7524
225 59 39.6452
226 59 38.42
227 59 34.7221
228 59 35.1484
229 59 38.9887
230 59 38.4782
231 59 34.1956
232 59 37.016
233 59 39.32
234 59 39.4424
235 59 nan
236 59 nan
196 59.5 31.8164
197 59.5 33.2957
198 59.5 33.1453
199 59.5 38.6316
200 59.5 37.1338
201 59.5 35.6071
202 59.5 36.3382
203 59.5 35.8485
204 59.5 36.9277
205 59.5 35.4088
206 59.5 35.8847
207 59.5 nan
208 59.5 43.1769
209 59.5 48.2467
210 59.5 35.6071
211 59.5 29.8105
212 59.5 nan
213 59.5 nan
214 59.5 24.1366
215 59.5 21.1436
216 59.5 nan
217 59.5 18.8492
218 59.5 21.762
219 59.5 nan
220 59.5 nan
221 59.5 nan
222 59.5 37.0344
223 59.5 39.5335
224 59.5 39.4324
225 59.5 37.9237
226 59.5 34.3459
227 59.5 35.4184
228 59.5 40.0913
229 59.5 39.4353
230 59.5 39.0608
231 59.5 34.0945
197 60 36.9549
198 60 38.6658
199 60 38.8203
200 60 37.7353
201 60 37.798
202 60 36.5126
203 60 35.9642
204 60 35.1172
205 60 34.7525
206 60 34.6969
207 60 42.4149
208 60 45.7904
209 60 48.6106
210 60 48.1603
211 60 39.4252
212 60 nan
213 60 nan
214 60 nan
215 60 nan
216 60 nan
217 60 32.458
218 60 nan
219 60 37.7199
220 60 38.0724
221 60 38.8617
222 60 38.8357
223 60 40.9613
224 60 39.1062
225 60 35.0532
226 60 35.4584
227 60 37.5067
228 60 37.0351
229 60 38.5782
230 60 37.6841
194 60.5 31.0226
195 60.5 35.809
196 60.5 36.6887
197 60.5 35.9476
198 60.5 39.9246
199 60.5 38.6251
200 60.5 37.5206
201 60.5 37.7586
202 60.5 35.7833
203 60.5 33.2894
204 60.5 35.5491
205 60.5 35.7478
206 60.5 37.2524
207 60.5 44.3045
208 60.5 44.0426
209 60.5 nan
210 60.5 nan
211 60.5 44.6643
212 60.5 nan
213 60.5 nan
214 60.5 nan
215 60.5 31.3757
216 60.5 35.4467
217 60.5 38.2003
218 60.5 nan
219 60.5 49.0457
220 60.5 nan
221 60.5 45.6978
222 60.5 44.0793
223 60.5 40.2874
224 60.5 38.1236
225 60.5 35.6119
226 60.5 35.3888
227 60.5 36.1466
228 60.5 36.4073
229 60.5 38.1333
195 61 35.6897
196 61 37.164
197 61 39.2606
198 61 38.9363
199 61 34.5964
200 61 35.9758
201 61 36.5667
202 61 36.1513
203 61 37.9394
204 61 35.7474
205 61 37.1979
206 61 39.3749
207 61 41.9693
208 61 46.4269
209 61 nan
210 61 nan
211 61 nan
212 61 nan
213 61 nan
214 61 40.1921
215 61 40.44
216 61 nan
217 61 nan
218 61 nan
219 61 44.1059
220 61 44.6224
221 61 42.6363
222 61 40.4254
223 61 39.5854
224 61 39.736
225 61 37.6112
226 61 36.2233
227 61 36.8257
228 61 37.3541
229 61 38.9376
195 61.5 34.5309
196 61.5 36.3014
197 61.5 35.5845
198 61.5 38.6405
199 61.5 40.4957
200 61.5 38.8094
201 61.5 35.6193
202 61.5 32.7193
203 61.5 nan
204 61.5 nan
205 61.5 36.5109
206 61.5 40.5132
207 61.5 39.4499
208 61.5 42.8286
209 61.5 46.1502
210 61.5 52.7504
211 61.5 nan
212 61.5 48.8026
213 61.5 nan
214 61.5 nan
215 61.5 nan
216 61.5 nan
217 61.5 47.1796
218 61.5 48.493
219 61.5 46.1536
220 61.5 43.7234
221 61.5 nan
222 61.5 37.5249
223 61.5 37.3087
224 61.5 38.0091
225 61.5 37.5499
226 61.5 37.4779
227 61.5 38.7208
228 61.5 38.7829
229 61.5 40.4856
195 62 34.5262
196 62 36.6174
197 62 35.2214
198 62 32.1398
199 62 37.2643
200 62 39.6317
201 62 36.34
202 62 34.529
203 62 nan
204 62 37.4383
205 62 35.5833
206 62 37.7165
207 62 37.339
208 62 36.4509
209 62 41.9424
210 62 47.0978
211 62 nan
212 62 53.1148
213 62 50.0578
214 62 52.095
215 62 nan
216 62 47.822
217 62 46.0348
218 62 43.2935
219 62 41.4349
220 62 39.8999
221 62 37.7587
222 62 36.1921
223 62 36.7504
224 62 36.5006
225 62 36.0604
226 62 37.7682
227 62 39.4291
228 62 39.468
229 62 40.919
230 62 40.7912
195 62.5 33.7862
196 62.5 33.7591
197 62.5 34.1146
198 62.5 36.2122
199 62.5 36.7451
200 62.5 35.6133
201 62.5 35.5196
202 62.5 34.7343
203 62.5 34.5573
204 62.5 34.6294
205 62.5 34.4677
206 62.5 33.6291
207 62.5 36.4862
208 62.5 36.4304
209 62.5 37.0713
210 62.5 40.8014
211 62.5 44.0007
212 62.5 42.3221
213 62.5 46.6416
214 62.5 nan
215 62.5 48.9309
216 62.5 42.8063
217 62.5 37.1683
218 62.5 nan
219 62.5 36.9067
220 62.5 36.9656
221 62.5 36.4864
222 62.5 35.0271
223 62.5 34.9
224 62.5 36.0829
225 62.5 37.1193
226 62.5 38.0095
227 62.5 39.3758
228 62.5 38.5012
229 62.5 40.6821
230 62.5 40.5614
192 63 26.5184
193 63 31.5179
194 63 31.1424
195 63 31.285
196 63 33.5961
197 63 33.7587
198 63 35.6573
199 63 36.9604
200 63 37.0958
201 63 34.5027
202 63 34.7675
203 63 34.3531
204 63 34.7343
205 63 34.5533
206 63 34.5976
207 63 36.3216
208 63 36.3736
209 63 36.1133
210 63 36.6157
211 63 36.9708
212 63 38.7487
213 63 41.0352
214 63 nan
215 63 nan
216 63 38.2568
217 63 38.4365
218 63 35.1758
219 63 34.7659
220 63 35.2097
221 63 34.4715
222 63 32.6026
223 63 35.2296
224 63 36.6253
225 63 37.6789
226 63 37.5645
227 63 37.9832
228 63 38.097
229 63 39.9505
191 63.5 26.7043
192 63.5 26.6801
193 63.5 31.1862
194 63.5 30.276
195 63.5 29.7262
196 63.5 nan
197 63.5 nan
198 63.5 nan
199 63.5 36.1757
200 63.5 37.473
201 63.5 35.2696
202 63.5 34.8371
203 63.5 34.2883
204 63.5 33.6325
205 63.5 nan
206 63.5 35.6627
207 63.5 32.5069
208 63.5 31.1734
209 63.5 34.5957
210 63.5 36.4116
211 63.5 37.8215
212 63.5 39.1906
213 63.5 40.8054
214 63.5 37.938
215 63.5 nan
216 63.5 38.8961
217 63.5 32.4746
218 63.5 33.4188
219 63.5 34.8274
220 63.5 36.1223
221 63.5 35.6866
222 63.5 34.554
223 63.5 36.6735
224 63.5 37.3323
225 63.5 37.7482
226 63.5 37.7649
227 63.5 37.3354
228 63.5 37.579
229 63.5 39.6523
190 64 29.8736
191 64 30.134
192 64 31.8056
193 64 35.6337
194 64 31.0704
195 64 30.9406
196 64 nan
197 64 33.6897
198 64 33.4555
199 64 32.7168
200 64 35.8545
201 64 36.5736
202 64 34.8557
203 64 34.5553
204 64 36.6958
205 64 36.3478
206 64 34.9408
207 64 34.6846
208 64 33.3255
209 64 31.6353
210 64 34.4476
211 64 34.7845
212 64 34.6842
213 64 nan
214 64 33.7773
215 64 33.9982
216 64 36.1083
217 64 34.2293
218 64 35.2008
219 64 34.2383
220 64 34.5522
221 64 35.2825
222 64 36.289
223 64 37.8195
224 64 37.1099
225 64 37.3375
226 64 38.2834
227 64 37.3617
228 64 37.6704
193 64.5 31.9719
194 64.5 32.7864
195 64.5 33.4706
196 64.5 33.4005
197 64.5 35.208
198 64.5 34.7475
199 64.5 36.7304
200 64.5 37.6796
201 64.5 40.4655
202 64.5 38.4278
203 64.5 36.5384
204 64.5 35.2742
205 64.5 36.6872
206 64.5 36.3665
207 64.5 34.6405
208 64.5 34.7666
209 64.5 32.4869
210 64.5 32.8667
211 64.5 31.656
212 64.5 31.1103
213 64.5 30.9471
214 64.5 33.2176
215 64.5 33.7773
216 64.5 34.8912
217 64.5 35.9265
218 64.5 35.8061
219 64.5 35.1999
220 64.5 35.0841
221 64.5 38.337
222 64.5 38.9696
223 64.5 41.1968
224 64.5 39.3157
225 64.5 38.1917
226 64.5 37.62
227 64.5 37.7086
228 64.5 37.3117
193 65 31.2957
194 65 32.2786
195 65 31.3069
196 65 32.3067
197 65 34.414
198 65 33.6966
199 65 35.2818
200 65 37.2088
201 65 37.6892
202 65 36.7109
203 65 36.9196
204 65 34.9088
205 65 35.6135
206 65 34.5321
207 65 34.1366
208 65 32.7467
209 65 33.73
210 65 31.9761
211 65 31.6735
212 65 32.318
213 65 34.91
214 65 35.2451
215 65 35.1309
216 65 35.0251
217 65 35.8093
218 65 35.755
219 65 37.3492
220 65 37.3635
221 65 37.0287
222 65 39.0455
223 65 38.728
224 65 38.3035
225 65 37.7796
226 65 37.8269
227 65 37.4383
228 65 37.2384
192 65.5 31.5369
193 65.5 32.2218
194 65.5 31.1994
195 65.5 31.4771
196 65.5 31.8989
197 65.5 32.4755
198 65.5 34.1672
199 65.5 33.5948
200 65.5 35.2388
201 65.5 36.0458
202 65.5 37.0276
203 65.5 38.28
204 65.5 36.9295
205 65.5 34.3331
206 65.5 31.2017
207 65.5 33.8786
208 65.5 33.5326
209 65.5 33.3924
210 65.5 33.0425
211 65.5 32.893
212 65.5 32.0725
213 65.5 34.1982
214 65.5 nan
215 65.5 36.5725
216 65.5 34.8703
217 65.5 36.0222
218 65.5 35.7644
219 65.5 37.5548
220 65.5 36.0381
221 65.5 35.9242
222 65.5 36.932
223 65.5 37.2209
224 65.5 36.7418
225 65.5 37.0828
226 65.5 36.8037
227 65.5 37.1993
228 65.5 37.0959
231 65.5 41.064
195 66 31.2988
196 66 31.5506
197 66 32.4595
198 66 33.7132
199 66 34.5402
200 66 38.9393
201 66 35.1888
202 66 35.2804
203 66 33.9868
204 66 35.7203
205 66 34.3507
206 66 35.1423
207 66 35.1134
208 66 35.0841
209 66 35.7358
210 66 35.3785
211 66 33.9639
212 66 33.1394
213 66 36.7802
214 66 37.862
215 66 35.3259
216 66 36.1653
217 66 37.9815
218 66 37.2974
219 66 36.1213
220 66 36.5343
221 66 36.6783
222 66 37.8975
223 66 40.364
224 66 38.1885
225 66 35.3419
226 66 36.1835
227 66 36.5839
228 66 37.1359
229 66 37.6574
230 66 38.2463
195 66.5 31.4438
196 66.5 32.8628
197 66.5 nan
198 66.5 nan
199 66.5 nan
200 66.5 nan
201 66.5 37.9431
202 66.5 35.4722
203 66.5 35.3888
204 66.5 37.7011
205 66.5 37.245
206 66.5 35.3013
207 66.5 37.9134
208 66.5 36.8336
209 66.5 35.4429
210 66.5 35.2924
211 66.5 33.9456
212 66.5 32.0375
213 66.5 33.4684
214 66.5 36.7133
215 66.5 38.9527
216 66.5 34.2641
217 66.5 35.9957
218 66.5 36.0652
219 66.5 35.2855
220 66.5 36.4265
221 66.5 36.4647
222 66.5 38.137
223 66.5 38.4531
224 66.5 37.8062
225 66.5 35.442
226 66.5 36.2651
227 66.5 36.8316
228 66.5 37.2745
229 66.5 37.5082
230 66.5 38.3524
195 67 31.8074
196 67 38.8534
197 67 43.4117
198 67 nan
199 67 36.4744
200 67 34.3576
201 67 37.6355
202 67 37.9186
203 67 38.8174
204 67 37.6862
205 67 39.1519
206 67 39.91
207 67 41.1641
208 67 37.0767
209 67 37.5702
210 67 39.2056
211 67 38.6206
212 67 37.3561
213 67 35.1662
214 67 35.6151
215 67 36.8246
216 67 37.2453
217 67 34.8579
218 67 34.5869
219 67 35.9948
220 67 36.433
221 67 36.8262
222 67 36.3965
223 67 37.0921
224 67 36.7206
225 67 37.2661
226 67 38.7165
227 67 37.7513
228 67 37.1657
229 67 37.268
230 67 38.0009
196 67.5 38.7621
197 67.5 41.0454
198 67.5 39.1678
199 67.5 39.8399
200 67.5 40.8329
201 67.5 42.0445
202 67.5 40.3648
203 67.5 41.8493
204 67.5 41.1913
205 67.5 41.3156
206 67.5 40.7347
207 67.5 42.4563
208 67.5 43.4177
209 67.5 43.2333
210 67.5 40.5739
211 67.5 39.6604
212 67.5 38.8852
213 67.5 36.8863
214 67.5 35.7787
215 67.5 36.3947
216 67.5 35.4366
217 67.5 36.3716
218 67.5 34.8805
219 67.5 35.0009
220 67.5 33.9689
221 67.5 37.2139
222 67.5 37.8702
223 67.5 39.3761
224 67.5 40.2001
225 67.5 38.8282
226 67.5 38.0891
227 67.5 37.1331
228 67.5 36.936
229 67.5 37.0943
230 67.5 37.443
195 68 41.5115
196 68 41.6939
197 68 42.7338
198 68 40.3977
199 68 38.5182
200 68 38.1771
201 68 39.186
202 68 40.1427
203 68 41.9758
204 68 44.1103
205 68 44.2
206 68 43.7901
207 68 43.7684
208 68 42.6229
209 68 43.6169
210 68 43.7958
211 68 36.7711
212 68 42.982
213 68 40.1405
214 68 38.9841
215 68 37.1272
216 68 36.5679
217 68 37.1482
218 68 36.8452
219 68 37.7901
220 68 37.1627
221 68 39.329
222 68 39.5296
223 68 39.4606
224 68 39.8282
225 68 39.6381
226 68 39.2183
227 68 37.8631
228 68 37.0591
229 68 36.5036
230 68 37.0822
231 68 38.1411
232 68 38.6656
233 68 38.3258
195 68.5 42.5622
196 68.5 42.4327
197 68.5 40.3216
198 68.5 39.6883
199 68.5 38.7283
200 68.5 38.6963
201 68.5 40.0238
202 68.5 nan
203 68.5 43.2896
204 68.5 44.9902
205 68.5 nan
206 68.5 45.3679
207 68.5 44.3795
208 68.5 43.8435
209 68.5 44.6736
210 68.5 nan
211 68.5 nan
212 68.5 45.3714
213 68.5 41.4538
214 68.5 39.0485
215 68.5 38.941
216 68.5 36.8581
217 68.5 37.6547
218 68.5 39.633
219 68.5 40.2765
220 68.5 38.122
221 68.5 39.7611
222 68.5 39.7317
223 68.5 39.9282
224 68.5 40.4149
225 68.5 40.1867
226 68.5 39.1028
227 68.5 37.3765
228 68.5 36.32
229 68.5 35.3921
230 68.5 36.3983
231 68.5 37.1658
232 68.5 37.1473
233 68.5 37.4937
234 68.5 37.7214
235 68.5 36.339
197 69 40.9867
198 69 40.1255
199 69 40.8124
200 69 40.1594
201 69 nan
202 69 nan
203 69 nan
204 69 44.2983
205 69 44.8612
206 69 44.1668
207 69 43.4557
208 69 42.4758
209 69 41.15
210 69 42.5712
211 69 43.8325
212 69 43.1635
213 69 39.9734
214 69 40.747
215 69 39.5099
216 69 39.831
217 69 41.0137
218 69 41.2324
219 69 40.2354
220 69 39.7936
221 69 37.1829
222 69 38.3894
223 69 32.3908
224 69 33.6926
225 69 40.3004
226 69 39.4305
227 69 37.3868
228 69 34.8439
229 69 34.8854
230 69 35.2676
231 69 34.798
232 69 35.8735
233 69 35.1535
199 69.5 40.2485
200 69.5 39.1232
201 69.5 42.0275
202 69.5 41.5579
203 69.5 42.5231
204 69.5 40.649
205 69.5 42.2784
206 69.5 42.5878
207 69.5 41.889
208 69.5 42.6766
209 69.5 40.5137
210 69.5 42.5655
211 69.5 40.2677
212 69.5 38.6593
213 69.5 38.3855
214 69.5 39.4251
215 69.5 39.9323
216 69.5 40.1615
217 69.5 41.311
218 69.5 41.3123
219 69.5 41.3464
220 69.5 39.6946
221 69.5 31.0818
222 69.5 29.9576
223 69.5 32.0104
224 69.5 33.4941
225 69.5 36.0236
226 69.5 38.6131
227 69.5 37.054
228 69.5 35.1812
229 69.5 34.2373
230 69.5 33.6411
231 69.5 33.592
232 69.5 33.628
200 70 40.2427
201 70 39.6105
202 70 41.1898
203 70 41.4003
204 70 39.8397
205 70 39.5626
206 70 39.5854
207 70 38.2223
208 70 37.6661
209 70 37.713
210 70 36.7897
211 70 35.3001
212 70 34.6046
213 70 35.41
214 70 36.7469
215 70 28.8
228 70 28.1387
229 70 29.9519
230 70 31.8383
231 70 31.3195
202 70.5 39.0979
203 70.5 39.5986
204 70.5 38.4429
205 70.5 37.4389
206 70.5 36.749
207 70.5 36.6524
229 70.5 31.3201
230 70.5 30.6686
231 70.5 31.6181
203 71 37.9579
204 71 37.009
